/home/sai.divya/pkt_clone/AI_Engine_Development/Feature_Tutorials/04-packet-switching/pktstream_aie/pl_kernels/_x/mm2s/mm2s/mm2s/solution/.autopilot/db/mm2s.pp.0.cpp:1321:7: warning: Added loop label VITIS_LOOP_1211_1:   [xilinx-label-all-loops]
      for (i = 0; i < __N - 1; ++i) {
      ^~~
      VITIS_LOOP_1211_1: 
/home/sai.divya/pkt_clone/AI_Engine_Development/Feature_Tutorials/04-packet-switching/pktstream_aie/pl_kernels/_x/mm2s/mm2s/mm2s/solution/.autopilot/db/mm2s.pp.0.cpp:1321:7: note: FIX-IT applied suggested code changes
/home/sai.divya/pkt_clone/AI_Engine_Development/Feature_Tutorials/04-packet-switching/pktstream_aie/pl_kernels/_x/mm2s/mm2s/mm2s/solution/.autopilot/db/mm2s.pp.0.cpp:2295:5: warning: Added loop label VITIS_LOOP_676_1:   [xilinx-label-all-loops]
    for (unsigned i = low; i != high; ++i) {
    ^~~
    VITIS_LOOP_676_1: 
/home/sai.divya/pkt_clone/AI_Engine_Development/Feature_Tutorials/04-packet-switching/pktstream_aie/pl_kernels/_x/mm2s/mm2s/mm2s/solution/.autopilot/db/mm2s.pp.0.cpp:2295:5: note: FIX-IT applied suggested code changes
/home/sai.divya/pkt_clone/AI_Engine_Development/Feature_Tutorials/04-packet-switching/pktstream_aie/pl_kernels/_x/mm2s/mm2s/mm2s/solution/.autopilot/db/mm2s.pp.0.cpp:2309:5: warning: Added loop label VITIS_LOOP_690_1:   [xilinx-label-all-loops]
    for (unsigned i = low; i != high; ++i) {
    ^~~
    VITIS_LOOP_690_1: 
/home/sai.divya/pkt_clone/AI_Engine_Development/Feature_Tutorials/04-packet-switching/pktstream_aie/pl_kernels/_x/mm2s/mm2s/mm2s/solution/.autopilot/db/mm2s.pp.0.cpp:2309:5: note: FIX-IT applied suggested code changes
/home/sai.divya/pkt_clone/AI_Engine_Development/Feature_Tutorials/04-packet-switching/pktstream_aie/pl_kernels/_x/mm2s/mm2s/mm2s/solution/.autopilot/db/mm2s.pp.0.cpp:2323:5: warning: Added loop label VITIS_LOOP_704_1:   [xilinx-label-all-loops]
    for (unsigned i = low; i != high; ++i) {
    ^~~
    VITIS_LOOP_704_1: 
/home/sai.divya/pkt_clone/AI_Engine_Development/Feature_Tutorials/04-packet-switching/pktstream_aie/pl_kernels/_x/mm2s/mm2s/mm2s/solution/.autopilot/db/mm2s.pp.0.cpp:2323:5: note: FIX-IT applied suggested code changes
/home/sai.divya/pkt_clone/AI_Engine_Development/Feature_Tutorials/04-packet-switching/pktstream_aie/pl_kernels/_x/mm2s/mm2s/mm2s/solution/.autopilot/db/mm2s.pp.0.cpp:3934:7: warning: Added loop label VITIS_LOOP_1245_1:   [xilinx-label-all-loops]
      for (i = 0; i < __N - 1; ++i) {
      ^~~
      VITIS_LOOP_1245_1: 
/home/sai.divya/pkt_clone/AI_Engine_Development/Feature_Tutorials/04-packet-switching/pktstream_aie/pl_kernels/_x/mm2s/mm2s/mm2s/solution/.autopilot/db/mm2s.pp.0.cpp:3934:7: note: FIX-IT applied suggested code changes
/home/sai.divya/pkt_clone/AI_Engine_Development/Feature_Tutorials/04-packet-switching/pktstream_aie/pl_kernels/_x/mm2s/mm2s/mm2s/solution/.autopilot/db/mm2s.pp.0.cpp:6298:2: warning: Added loop label VITIS_LOOP_29_1:   [xilinx-label-all-loops]
 for(int i = 0; i < size; i++) {
 ^~~
 VITIS_LOOP_29_1: 
/home/sai.divya/pkt_clone/AI_Engine_Development/Feature_Tutorials/04-packet-switching/pktstream_aie/pl_kernels/_x/mm2s/mm2s/mm2s/solution/.autopilot/db/mm2s.pp.0.cpp:6298:2: note: FIX-IT applied suggested code changes
