
*** Running vitis_hls
    with args -f s2mm.tcl -messageDb vitis_hls.pb


****** Vitis HLS - High-Level Synthesis from C, C++ and OpenCL v2022.2 (64-bit)
  **** SW Build 3670227 on Oct 13 2022
  **** IP Build 3669848 on Fri Oct 14 08:30:02 MDT 2022
    ** Copyright 1986-2022 Xilinx, Inc. All Rights Reserved.

source /home/Xilinx/Vitis_2022_2/Vitis_HLS/2022.2/scripts/vitis_hls/hls.tcl -notrace
INFO: [HLS 200-10] Running '/home/Xilinx/Vitis_2022_2/Vitis_HLS/2022.2/bin/unwrapped/lnx64.o/vitis_hls'
INFO: [HLS 200-10] For user 'sai.divya' on host 'node08' (Linux_x86_64 version 5.4.0-216-generic) on Wed Dec 03 14:33:37 UTC 2025
INFO: [HLS 200-10] On os Ubuntu 20.04.6 LTS
INFO: [HLS 200-10] In directory '/home/sai.divya/pkt_clone/AI_Engine_Development/Feature_Tutorials/04-packet-switching/pktstream_aie/pl_kernels/_x/s2mm/s2mm'
Sourcing Tcl script 's2mm.tcl'
INFO: [HLS 200-1510] Running: open_project s2mm 
INFO: [HLS 200-10] Creating and opening project '/home/sai.divya/pkt_clone/AI_Engine_Development/Feature_Tutorials/04-packet-switching/pktstream_aie/pl_kernels/_x/s2mm/s2mm/s2mm'.
INFO: [HLS 200-1510] Running: set_top s2mm 
INFO: [HLS 200-1510] Running: add_files /home/sai.divya/pkt_clone/AI_Engine_Development/Feature_Tutorials/04-packet-switching/pktstream_aie/pl_kernels/s2mm.cpp 
INFO: [HLS 200-10] Adding design file '/home/sai.divya/pkt_clone/AI_Engine_Development/Feature_Tutorials/04-packet-switching/pktstream_aie/pl_kernels/s2mm.cpp' to the project
INFO: [HLS 200-1510] Running: open_solution -flow_target vitis solution 
INFO: [HLS 200-10] Creating and opening solution '/home/sai.divya/pkt_clone/AI_Engine_Development/Feature_Tutorials/04-packet-switching/pktstream_aie/pl_kernels/_x/s2mm/s2mm/s2mm/solution'.
INFO: [HLS 200-1505] Using flow_target 'vitis'
Resolution: For help on HLS 200-1505 see www.xilinx.com/cgi-bin/docs/rdoc?v=2022.2;t=hls+guidance;d=200-1505.html
INFO: [HLS 200-435] Setting 'open_solution -flow_target vitis' configuration: config_interface -m_axi_latency=64
INFO: [HLS 200-435] Setting 'open_solution -flow_target vitis' configuration: config_interface -m_axi_alignment_byte_size=64
INFO: [HLS 200-435] Setting 'open_solution -flow_target vitis' configuration: config_interface -m_axi_max_widen_bitwidth=512
INFO: [HLS 200-435] Setting 'open_solution -flow_target vitis' configuration: config_rtl -register_reset_num=3
INFO: [HLS 200-1510] Running: set_part xcvc1902-vsvd1760-2MP-e-S 
INFO: [HLS 200-1611] Setting target device to 'xcvc1902-vsvd1760-2MP-e-S'
INFO: [HLS 200-1510] Running: create_clock -period 250MHz -name default 
INFO: [SYN 201-201] Setting up clock 'default' with a period of 4ns.
INFO: [HLS 200-1510] Running: config_dataflow -strict_mode warning 
INFO: [HLS 200-1510] Running: config_export -deadlock_detection sim 
WARNING: [HLS 200-483] The 'config_export -deadlock_detection' command is deprecated and will be removed in a future release. Use 'config_rtl -deadlock_detection' as its replacement.
INFO: [HLS 200-1907] Replacing 'config_export -deadlock_detection=sim' with 'config_rtl -deadlock_detection=sim' in current solution file
INFO: [HLS 200-1510] Running: config_interface -m_axi_conservative_mode=1 
INFO: [HLS 200-1510] Running: config_interface -m_axi_addr64 
INFO: [HLS 200-1510] Running: config_interface -m_axi_auto_max_ports=0 
INFO: [HLS 200-1510] Running: config_export -format xo -ipname s2mm 
INFO: [HLS 200-1907] Replacing 'config_export -deadlock_detection=sim' with 'config_rtl -deadlock_detection=sim' in current solution file
INFO: [HLS 200-1510] Running: csynth_design 
INFO: [HLS 200-111] Finished File checks and directory preparation: CPU user time: 0.01 seconds. CPU system time: 0 seconds. Elapsed time: 0.02 seconds; current allocated memory: 754.691 MB.
INFO: [HLS 200-10] Analyzing design file '/home/sai.divya/pkt_clone/AI_Engine_Development/Feature_Tutorials/04-packet-switching/pktstream_aie/pl_kernels/s2mm.cpp' ... 
INFO: [HLS 200-111] Finished Source Code Analysis and Preprocessing: CPU user time: 4.8 seconds. CPU system time: 0.93 seconds. Elapsed time: 7.27 seconds; current allocated memory: 757.574 MB.
INFO: [HLS 200-777] Using interface defaults for 'Vitis' flow target.
INFO: [HLS 214-115] Multiple burst writes of variable length and bit width 32 in loop 'VITIS_LOOP_29_1'(/home/sai.divya/pkt_clone/AI_Engine_Development/Feature_Tutorials/04-packet-switching/pktstream_aie/pl_kernels/s2mm.cpp:29:19) has been inferred on bundle 'gmem'. These burst requests might be further partitioned into multiple requests during RTL generation, based on max_read_burst_length or max_write_burst_length settings. (/home/sai.divya/pkt_clone/AI_Engine_Development/Feature_Tutorials/04-packet-switching/pktstream_aie/pl_kernels/s2mm.cpp:29:19)
INFO: [HLS 200-111] Finished Compiling Optimization and Transform: CPU user time: 5.08 seconds. CPU system time: 0.88 seconds. Elapsed time: 7.09 seconds; current allocated memory: 758.223 MB.
INFO: [HLS 200-111] Finished Checking Pragmas: CPU user time: 0 seconds. CPU system time: 0 seconds. Elapsed time: 0 seconds; current allocated memory: 758.223 MB.
INFO: [HLS 200-10] Starting code transformations ...
INFO: [HLS 200-111] Finished Standard Transforms: CPU user time: 0.05 seconds. CPU system time: 0.02 seconds. Elapsed time: 0.22 seconds; current allocated memory: 762.934 MB.
INFO: [HLS 200-10] Checking synthesizability ...
INFO: [HLS 200-111] Finished Checking Synthesizability: CPU user time: 0.08 seconds. CPU system time: 0 seconds. Elapsed time: 0.1 seconds; current allocated memory: 771.102 MB.
INFO: [HLS 200-111] Finished Loop, function and other optimizations: CPU user time: 0.12 seconds. CPU system time: 0.02 seconds. Elapsed time: 0.16 seconds; current allocated memory: 800.828 MB.
INFO: [HLS 200-111] Finished Architecture Synthesis: CPU user time: 0.07 seconds. CPU system time: 0.01 seconds. Elapsed time: 0.08 seconds; current allocated memory: 809.961 MB.
INFO: [HLS 200-10] Starting hardware synthesis ...
INFO: [HLS 200-10] Synthesizing 's2mm' ...
INFO: [HLS 200-10] ----------------------------------------------------------------
INFO: [HLS 200-42] -- Implementing module 's2mm_Pipeline_VITIS_LOOP_29_1' 
INFO: [HLS 200-10] ----------------------------------------------------------------
INFO: [SCHED 204-11] Starting scheduling ...
INFO: [SCHED 204-61] Pipelining loop 'VITIS_LOOP_29_1'.
INFO: [HLS 200-1470] Pipelining result : Target II = 1, Final II = 1, Depth = 2, loop 'VITIS_LOOP_29_1'
INFO: [SCHED 204-11] Finished scheduling.
INFO: [HLS 200-111] Finished Scheduling: CPU user time: 0.08 seconds. CPU system time: 0.05 seconds. Elapsed time: 0.17 seconds; current allocated memory: 809.961 MB.
INFO: [BIND 205-100] Starting micro-architecture generation ...
INFO: [BIND 205-101] Performing variable lifetime analysis.
INFO: [BIND 205-101] Exploring resource sharing.
INFO: [BIND 205-101] Binding ...
INFO: [BIND 205-100] Finished micro-architecture generation.
INFO: [HLS 200-111] Finished Binding: CPU user time: 0.02 seconds. CPU system time: 0.01 seconds. Elapsed time: 0.06 seconds; current allocated memory: 809.961 MB.
INFO: [HLS 200-10] ----------------------------------------------------------------
INFO: [HLS 200-42] -- Implementing module 's2mm' 
INFO: [HLS 200-10] ----------------------------------------------------------------
INFO: [SCHED 204-11] Starting scheduling ...
INFO: [SCHED 204-11] Finished scheduling.
INFO: [HLS 200-111] Finished Scheduling: CPU user time: 0.24 seconds. CPU system time: 0 seconds. Elapsed time: 0.25 seconds; current allocated memory: 809.961 MB.
INFO: [BIND 205-100] Starting micro-architecture generation ...
INFO: [BIND 205-101] Performing variable lifetime analysis.
INFO: [BIND 205-101] Exploring resource sharing.
INFO: [BIND 205-101] Binding ...
INFO: [BIND 205-100] Finished micro-architecture generation.
INFO: [HLS 200-111] Finished Binding: CPU user time: 0.47 seconds. CPU system time: 0 seconds. Elapsed time: 0.48 seconds; current allocated memory: 809.961 MB.
INFO: [HLS 200-10] ----------------------------------------------------------------
INFO: [HLS 200-10] -- Generating RTL for module 's2mm_Pipeline_VITIS_LOOP_29_1' 
INFO: [HLS 200-10] ----------------------------------------------------------------
INFO: [HLS 200-1030] Apply Unified Pipeline Control on module 's2mm_Pipeline_VITIS_LOOP_29_1' pipeline 'VITIS_LOOP_29_1' pipeline type 'loop pipeline'
WARNING: [RTGEN 206-101] Setting dangling out port 's2mm_Pipeline_VITIS_LOOP_29_1/m_axi_gmem_AWVALID' to 0.
WARNING: [RTGEN 206-101] Setting dangling out port 's2mm_Pipeline_VITIS_LOOP_29_1/m_axi_gmem_AWADDR' to 0.
WARNING: [RTGEN 206-101] Setting dangling out port 's2mm_Pipeline_VITIS_LOOP_29_1/m_axi_gmem_AWID' to 0.
WARNING: [RTGEN 206-101] Setting dangling out port 's2mm_Pipeline_VITIS_LOOP_29_1/m_axi_gmem_AWLEN' to 0.
WARNING: [RTGEN 206-101] Setting dangling out port 's2mm_Pipeline_VITIS_LOOP_29_1/m_axi_gmem_AWSIZE' to 0.
WARNING: [RTGEN 206-101] Setting dangling out port 's2mm_Pipeline_VITIS_LOOP_29_1/m_axi_gmem_AWBURST' to 0.
WARNING: [RTGEN 206-101] Setting dangling out port 's2mm_Pipeline_VITIS_LOOP_29_1/m_axi_gmem_AWLOCK' to 0.
WARNING: [RTGEN 206-101] Setting dangling out port 's2mm_Pipeline_VITIS_LOOP_29_1/m_axi_gmem_AWCACHE' to 0.
WARNING: [RTGEN 206-101] Setting dangling out port 's2mm_Pipeline_VITIS_LOOP_29_1/m_axi_gmem_AWPROT' to 0.
WARNING: [RTGEN 206-101] Setting dangling out port 's2mm_Pipeline_VITIS_LOOP_29_1/m_axi_gmem_AWQOS' to 0.
WARNING: [RTGEN 206-101] Setting dangling out port 's2mm_Pipeline_VITIS_LOOP_29_1/m_axi_gmem_AWREGION' to 0.
WARNING: [RTGEN 206-101] Setting dangling out port 's2mm_Pipeline_VITIS_LOOP_29_1/m_axi_gmem_AWUSER' to 0.
WARNING: [RTGEN 206-101] Setting dangling out port 's2mm_Pipeline_VITIS_LOOP_29_1/m_axi_gmem_BREADY' to 0.
INFO: [RTGEN 206-100] Finished creating RTL model for 's2mm_Pipeline_VITIS_LOOP_29_1'.
INFO: [HLS 200-111] Finished Creating RTL model: CPU user time: 0.13 seconds. CPU system time: 0 seconds. Elapsed time: 0.16 seconds; current allocated memory: 809.961 MB.
INFO: [HLS 200-10] ----------------------------------------------------------------
INFO: [HLS 200-10] -- Generating RTL for module 's2mm' 
INFO: [HLS 200-10] ----------------------------------------------------------------
WARNING: [RTGEN 206-101] Design contains AXI ports. Reset is fixed to synchronous and active low.
INFO: [RTGEN 206-500] Setting interface mode on port 's2mm/gmem' to 'm_axi'.
INFO: [RTGEN 206-500] Setting interface mode on port 's2mm/mem' to 's_axilite & ap_none'.
INFO: [RTGEN 206-500] Setting interface mode on port 's2mm/s_V_data_V' to 'axis' (register, both mode).
INFO: [RTGEN 206-500] Setting interface mode on port 's2mm/s_V_keep_V' to 'axis' (register, both mode).
INFO: [RTGEN 206-500] Setting interface mode on port 's2mm/s_V_strb_V' to 'axis' (register, both mode).
INFO: [RTGEN 206-500] Setting interface mode on port 's2mm/s_V_last_V' to 'axis' (register, both mode).
INFO: [RTGEN 206-500] Setting interface mode on port 's2mm/size' to 's_axilite & ap_none'.
INFO: [RTGEN 206-500] Setting interface mode on function 's2mm' to 's_axilite & ap_ctrl_chain'.
INFO: [RTGEN 206-100] Bundling port 'mem', 'size' to AXI-Lite port control.
INFO: [RTGEN 206-100] Finished creating RTL model for 's2mm'.
INFO: [HLS 200-111] Finished Creating RTL model: CPU user time: 0.16 seconds. CPU system time: 0.02 seconds. Elapsed time: 0.25 seconds; current allocated memory: 809.961 MB.
INFO: [HLS 200-111] Finished Generating all RTL models: CPU user time: 0.53 seconds. CPU system time: 0.05 seconds. Elapsed time: 0.71 seconds; current allocated memory: 810.961 MB.
INFO: [HLS 200-1603] Design has inferred MAXI bursts and missed bursts, see Vitis HLS GUI synthesis summary report for detailed information.
INFO: [HLS 200-111] Finished Updating report files: CPU user time: 0.64 seconds. CPU system time: 0.04 seconds. Elapsed time: 0.73 seconds; current allocated memory: 814.992 MB.
INFO: [VHDL 208-304] Generating VHDL RTL for s2mm.
INFO: [VLOG 209-307] Generating Verilog RTL for s2mm.
INFO: [HLS 200-790] **** Loop Constraint Status: All loop constraints were satisfied.
INFO: [HLS 200-789] **** Estimated Fmax: 342.47 MHz
INFO: [HLS 200-111] Finished Command csynth_design CPU user time: 12.48 seconds. CPU system time: 2.04 seconds. Elapsed time: 17.8 seconds; current allocated memory: 60.348 MB.
INFO: [HLS 200-1510] Running: export_design 
INFO: [IMPL 213-8] Exporting RTL as a Vivado IP.

****** Vivado v2022.2 (64-bit)
  **** SW Build 3671981 on Fri Oct 14 04:59:54 MDT 2022
  **** IP Build 3669848 on Fri Oct 14 08:30:02 MDT 2022
    ** Copyright 1986-2022 Xilinx, Inc. All Rights Reserved.

source run_ippack.tcl -notrace
ipx::create_core: Time (s): cpu = 00:00:06 ; elapsed = 00:00:07 . Memory (MB): peak = 1732.457 ; gain = 86.023 ; free physical = 17257 ; free virtual = 103644
INFO: [IP_Flow 19-234] Refreshing IP repositories
INFO: [IP_Flow 19-1704] No user IP repositories specified
INFO: [IP_Flow 19-2313] Loaded Vivado IP repository '/home/Xilinx/Vitis_2022_2/Vivado/2022.2/data/ip'.
Running package_xo -xo_path /home/sai.divya/pkt_clone/AI_Engine_Development/Feature_Tutorials/04-packet-switching/pktstream_aie/pl_kernels/_x/s2mm/s2mm/s2mm/solution/impl/export.xo -kernel_name s2mm -kernel_xml /home/sai.divya/pkt_clone/AI_Engine_Development/Feature_Tutorials/04-packet-switching/pktstream_aie/pl_kernels/_x/s2mm/s2mm/s2mm/solution/impl/ip/../kernel/kernel.xml -kernel_files /home/sai.divya/pkt_clone/AI_Engine_Development/Feature_Tutorials/04-packet-switching/pktstream_aie/pl_kernels/s2mm.cpp -ip_directory /home/sai.divya/pkt_clone/AI_Engine_Development/Feature_Tutorials/04-packet-switching/pktstream_aie/pl_kernels/_x/s2mm/s2mm/s2mm/solution/impl/ip/ip_unzip_dir -design_xml /home/sai.divya/pkt_clone/AI_Engine_Development/Feature_Tutorials/04-packet-switching/pktstream_aie/pl_kernels/_x/s2mm/s2mm/s2mm/solution/.autopilot/db/s2mm.design.xml -debug_directory /home/sai.divya/pkt_clone/AI_Engine_Development/Feature_Tutorials/04-packet-switching/pktstream_aie/pl_kernels/_x/s2mm/s2mm/s2mm/solution/.debug -hls_directory /home/sai.divya/pkt_clone/AI_Engine_Development/Feature_Tutorials/04-packet-switching/pktstream_aie/pl_kernels/_x/s2mm/s2mm/s2mm/solution/impl/ip/hls_files
INFO: [Common 17-206] Exiting Vivado at Wed Dec  3 14:34:20 2025...
INFO: [HLS 200-802] Generated output file s2mm/solution/impl/export.xo
INFO: [HLS 200-111] Finished Command export_design CPU user time: 18.25 seconds. CPU system time: 2.17 seconds. Elapsed time: 31.22 seconds; current allocated memory: 6.777 MB.
INFO: [HLS 200-1510] Running: close_project 
HLS completed successfully
INFO: [HLS 200-112] Total CPU user time: 34.37 seconds. Total CPU system time: 5.15 seconds. Total elapsed time: 54.97 seconds; peak allocated memory: 821.820 MB.
INFO: [Common 17-206] Exiting vitis_hls at Wed Dec  3 14:34:30 2025...
