INFO-FLOW: Workspace /home/sai.divya/pkt_clone/AI_Engine_Development/Feature_Tutorials/04-packet-switching/pktstream_aie/pl_kernels/_x/s2mm/s2mm/s2mm/solution opened at Wed Dec 03 14:33:37 UTC 2025
Execute       send_msg_by_id INFO @200-1505@%s%s  vitis 
INFO: [HLS 200-1505] Using flow_target 'vitis'
Execute       send_msg_by_id INFO @200-435@%s%s 'open_solution -flow_target vitis' config_interface -m_axi_latency=64 
INFO: [HLS 200-435] Setting 'open_solution -flow_target vitis' configuration: config_interface -m_axi_latency=64
Execute       config_interface -m_axi_latency=64 
Execute       send_msg_by_id INFO @200-435@%s%s 'open_solution -flow_target vitis' config_interface -m_axi_alignment_byte_size=64 
INFO: [HLS 200-435] Setting 'open_solution -flow_target vitis' configuration: config_interface -m_axi_alignment_byte_size=64
Execute       config_interface -m_axi_alignment_byte_size=64 
Execute       send_msg_by_id INFO @200-435@%s%s 'open_solution -flow_target vitis' config_interface -m_axi_max_widen_bitwidth=512 
INFO: [HLS 200-435] Setting 'open_solution -flow_target vitis' configuration: config_interface -m_axi_max_widen_bitwidth=512
Execute       config_interface -m_axi_max_widen_bitwidth=512 
INFO-FLOW: Setting macro_cmd open_solution -flow_target vitis configuration: config_interface -default_interface=kernel
Execute       config_interface -default_interface=kernel 
Execute       send_msg_by_id INFO @200-435@%s%s 'open_solution -flow_target vitis' config_rtl -register_reset_num=3 
INFO: [HLS 200-435] Setting 'open_solution -flow_target vitis' configuration: config_rtl -register_reset_num=3
Execute       config_rtl -register_reset_num=3 
Command     open_solution done; 0.12 sec.
Execute     set_part xcvc1902-vsvd1760-2MP-e-S 
INFO: [HLS 200-1510] Running: set_part xcvc1902-vsvd1760-2MP-e-S 
Execute       create_platform xcvc1902-vsvd1760-2MP-e-S -board  
DBG:HLSDevice: Trying to load device library: /home/Xilinx/Vitis_2022_2/Vitis_HLS/2022.2/lib/lnx64.o/libxv_hlsvwrap.so
DBG:HLSDevice: first parts/arch.xml in RDI_DATADIR: /home/Xilinx/Vitis_2022_2/Vivado/2022.2/data/parts/arch.xml
DBG:HLSDevice: init success
INFO: [HLS 200-1611] Setting target device to 'xcvc1902-vsvd1760-2MP-e-S'
Command       create_platform done; 3.35 sec.
Execute       source /home/Xilinx/Vitis_2022_2/Vitis_HLS/2022.2/common/technology/xilinx/common/xilinx.gen 
Execute         source /home/Xilinx/Vitis_2022_2/Vitis_HLS/2022.2/common/technology/xilinx/interface/plb46.gen 
Execute         source /home/Xilinx/Vitis_2022_2/Vitis_HLS/2022.2/common/technology/xilinx/interface/axi4.gen 
Execute         source /home/Xilinx/Vitis_2022_2/Vitis_HLS/2022.2/common/technology/xilinx/interface/nativeAXI4.gen 
Execute           source /home/Xilinx/Vitis_2022_2/Vitis_HLS/2022.2/common/technology/xilinx/interface/saxilite.gen 
Execute         source /home/Xilinx/Vitis_2022_2/Vitis_HLS/2022.2/common/technology/xilinx/scripts/xilinxcoregen.gen 
Execute         source /home/Xilinx/Vitis_2022_2/Vitis_HLS/2022.2/common/technology/xilinx/interface/XilEDKCoreGen.gen 
Execute         source /home/Xilinx/Vitis_2022_2/Vitis_HLS/2022.2/common/technology/xilinx/ip/xfir.gen 
Execute         source /home/Xilinx/Vitis_2022_2/Vitis_HLS/2022.2/common/technology/xilinx/ip/dds_compiler.gen 
Execute         source /home/Xilinx/Vitis_2022_2/Vitis_HLS/2022.2/common/technology/xilinx/ip/xfft.gen 
Execute         source /home/Xilinx/Vitis_2022_2/Vitis_HLS/2022.2/common/technology/xilinx/ip/util.gen 
Execute         source /home/Xilinx/Vitis_2022_2/Vitis_HLS/2022.2/common/technology/xilinx/DSP48/dsp48.gen 
Command       ap_source done; 0.27 sec.
Execute       ap_part_info -name xcvc1902-vsvd1760-2MP-e-S -data info 
Execute       config_compile -quiet -complex-mul-dsp=1 
Command     set_part done; 3.7 sec.
Execute     create_clock -period 250MHz -name default 
INFO: [HLS 200-1510] Running: create_clock -period 250MHz -name default 
Execute       ap_set_clock -name default -period 4 -unit ns -default=false 
INFO: [SYN 201-201] Setting up clock 'default' with a period of 4ns.
Execute     config_dataflow -strict_mode warning 
INFO: [HLS 200-1510] Running: config_dataflow -strict_mode warning 
Execute     config_export -deadlock_detection sim 
INFO: [HLS 200-1510] Running: config_export -deadlock_detection sim 
WARNING: [HLS 200-483] The 'config_export -deadlock_detection' command is deprecated and will be removed in a future release. Use 'config_rtl -deadlock_detection' as its replacement.
INFO: [HLS 200-1907] Replacing 'config_export -deadlock_detection=sim' with 'config_rtl -deadlock_detection=sim' in current solution file
Execute     config_interface -m_axi_conservative_mode=1 
INFO: [HLS 200-1510] Running: config_interface -m_axi_conservative_mode=1 
Execute     config_interface -m_axi_addr64 
INFO: [HLS 200-1510] Running: config_interface -m_axi_addr64 
Execute     config_interface -m_axi_auto_max_ports=0 
INFO: [HLS 200-1510] Running: config_interface -m_axi_auto_max_ports=0 
Execute     config_export -format xo -ipname s2mm 
INFO: [HLS 200-1510] Running: config_export -format xo -ipname s2mm 
INFO: [HLS 200-1907] Replacing 'config_export -deadlock_detection=sim' with 'config_rtl -deadlock_detection=sim' in current solution file
Execute     csynth_design 
INFO: [HLS 200-1510] Running: csynth_design 
Execute       elaborate -effort=medium -skip_syncheck=0 -keep_printf=0 -skip_cdt=0 -skip_transform=0 -ng=0 -g=0 -opt_fp=0 -from_csynth_design=1 
INFO: [HLS 200-111] Finished File checks and directory preparation: CPU user time: 0.01 seconds. CPU system time: 0 seconds. Elapsed time: 0.02 seconds; current allocated memory: 754.691 MB.
INFO: [HLS 200-10] Analyzing design file '/home/sai.divya/pkt_clone/AI_Engine_Development/Feature_Tutorials/04-packet-switching/pktstream_aie/pl_kernels/s2mm.cpp' ... 
INFO-FLOW: Compiling one TU...
INFO-FLOW: Handling /home/sai.divya/pkt_clone/AI_Engine_Development/Feature_Tutorials/04-packet-switching/pktstream_aie/pl_kernels/s2mm.cpp as C++
Execute         ap_part_info -name xcvc1902-vsvd1760-2MP-e-S -data info 
INFO-FLOW: Running: GCC PP 39
INFO-FLOW: Source preprocessing
Execute         ap_eval exec -ignorestderr /home/Xilinx/Vitis_2022_2/Vitis_HLS/2022.2/lnx64/tools/clang-3.9-csynth/bin/clang /home/sai.divya/pkt_clone/AI_Engine_Development/Feature_Tutorials/04-packet-switching/pktstream_aie/pl_kernels/s2mm.cpp -foptimization-record-file=/home/sai.divya/pkt_clone/AI_Engine_Development/Feature_Tutorials/04-packet-switching/pktstream_aie/pl_kernels/_x/s2mm/s2mm/s2mm/solution/.autopilot/db/s2mm.cpp.clang.diag.yml -mllvm -pass-remarks-missed=reflow|pasta|unroll -mllvm -pass-remarks=reflow|pasta|unroll|inline -fno-limit-debug-info -gcc-toolchain /home/Xilinx/Vitis_2022_2/Vitis_HLS/2022.2/tps/lnx64/gcc-8.3.0 -fhls -fno-exceptions -E -fno-math-errno -c -emit-llvm -mllvm -disable-llvm-optzns -Werror=implicit-function-declaration -Werror=implicit-hls-streams -Werror=return-type -Wpragmas -Wunused-parameter -Wdump-hls-pragmas -Wno-error=dump-hls-pragmas -fno-threadsafe-statics -fno-use-cxa-atexit -std=gnu++14 -target fpga64-xilinx-linux-gnu -fno-threadsafe-statics -fno-use-cxa-atexit -D__VITIS_HLS__ -DAESL_SYN -D__SYNTHESIS__ -D__HLS_SYN__ -I /home/Xilinx/Vitis_2022_2/Vitis_HLS/2022.2/common/technology/autopilot -I /home/Xilinx/Vitis_2022_2/Vitis_HLS/2022.2/common/technology/autopilot/ap_sysc -include etc/autopilot_ssdm_op.h -D__DSP58_PRIMARY__ -I /usr/include/x86_64-linux-gnu -o /home/sai.divya/pkt_clone/AI_Engine_Development/Feature_Tutorials/04-packet-switching/pktstream_aie/pl_kernels/_x/s2mm/s2mm/s2mm/solution/.autopilot/db/s2mm.pp.0.cpp -hls-platform-db-name=/home/Xilinx/Vitis_2022_2/Vitis_HLS/2022.2/common/technology/xilinx/common/platform.db -hls-platform-name=versal_medium -device-resource-info=BRAM_1934.000000_DSP_1968.000000_FF_1799680.000000_LUT_899840.000000_SLICE_112480.000000_URAM_463.000000 -device-name-info=xcvc1902-vsvd1760-2MP-e-S > /home/sai.divya/pkt_clone/AI_Engine_Development/Feature_Tutorials/04-packet-switching/pktstream_aie/pl_kernels/_x/s2mm/s2mm/s2mm/solution/.autopilot/db/s2mm.cpp.clang.out.log 2> /home/sai.divya/pkt_clone/AI_Engine_Development/Feature_Tutorials/04-packet-switching/pktstream_aie/pl_kernels/_x/s2mm/s2mm/s2mm/solution/.autopilot/db/s2mm.cpp.clang.err.log 
Command         ap_eval done; 0.96 sec.
INFO-FLOW: Done: GCC PP 39 time: 1 seconds per iteration
Execute         set_directive_top s2mm -name=s2mm 
Execute         source /home/Xilinx/Vitis_2022_2/Vitis_HLS/2022.2/tps/tcl/tcllib1.11.1/yaml/huddle.tcl 
Execute         source /home/Xilinx/Vitis_2022_2/Vitis_HLS/2022.2/tps/tcl/tcllib1.11.1/yaml/json2huddle.tcl 
INFO-FLOW: Source syntax check for synthesis
Execute         ap_eval exec -ignorestderr /home/Xilinx/Vitis_2022_2/Vitis_HLS/2022.2/lnx64/tools/clang-3.9-csynth/bin/clang -foptimization-record-file=/home/sai.divya/pkt_clone/AI_Engine_Development/Feature_Tutorials/04-packet-switching/pktstream_aie/pl_kernels/_x/s2mm/s2mm/s2mm/solution/.autopilot/db/clang.diag.yml -mllvm -pass-remarks-missed=reflow|pasta|unroll -mllvm -pass-remarks=reflow|pasta|unroll|inline -fsyntax-only -fhls -target fpga64-xilinx-linux-gnu /home/sai.divya/pkt_clone/AI_Engine_Development/Feature_Tutorials/04-packet-switching/pktstream_aie/pl_kernels/_x/s2mm/s2mm/s2mm/solution/.autopilot/db/s2mm.pp.0.cpp -hls-platform-db-name=/home/Xilinx/Vitis_2022_2/Vitis_HLS/2022.2/common/technology/xilinx/common/platform.db -hls-platform-name=versal_medium -device-resource-info=BRAM_1934.000000_DSP_1968.000000_FF_1799680.000000_LUT_899840.000000_SLICE_112480.000000_URAM_463.000000 -device-name-info=xcvc1902-vsvd1760-2MP-e-S > /home/sai.divya/pkt_clone/AI_Engine_Development/Feature_Tutorials/04-packet-switching/pktstream_aie/pl_kernels/_x/s2mm/s2mm/s2mm/solution/.autopilot/db/clang.out.log 2> /home/sai.divya/pkt_clone/AI_Engine_Development/Feature_Tutorials/04-packet-switching/pktstream_aie/pl_kernels/_x/s2mm/s2mm/s2mm/solution/.autopilot/db/clang.err.log 
Command         ap_eval done; 0.85 sec.
Execute         clang_tidy xilinx-systemc-detector -desc systemc-detector /home/sai.divya/pkt_clone/AI_Engine_Development/Feature_Tutorials/04-packet-switching/pktstream_aie/pl_kernels/_x/s2mm/s2mm/s2mm/solution/.autopilot/db/s2mm.pp.0.cpp std=gnu++14 -target fpga  -directive=/home/sai.divya/pkt_clone/AI_Engine_Development/Feature_Tutorials/04-packet-switching/pktstream_aie/pl_kernels/_x/s2mm/s2mm/s2mm/solution/.autopilot/db/.systemc_flag 
INFO-FLOW: exec /home/Xilinx/Vitis_2022_2/Vitis_HLS/2022.2/lnx64/tools/clang-3.9-csynth/bin/clang-tidy -header-filter=.* --checks=-*,xilinx-systemc-detector -import-directive=/home/sai.divya/pkt_clone/AI_Engine_Development/Feature_Tutorials/04-packet-switching/pktstream_aie/pl_kernels/_x/s2mm/s2mm/s2mm/solution/.autopilot/db/.systemc_flag -fix-errors /home/sai.divya/pkt_clone/AI_Engine_Development/Feature_Tutorials/04-packet-switching/pktstream_aie/pl_kernels/_x/s2mm/s2mm/s2mm/solution/.autopilot/db/s2mm.pp.0.cpp -- -std=gnu++14 -target fpga -fhls -ferror-limit=0
Command         clang_tidy done; 1.03 sec.
INFO-FLOW: Running: clang-tidy CDT preprocess 39
Execute         clang_tidy xilinx-directive2pragma -desc directive2pragma /home/sai.divya/pkt_clone/AI_Engine_Development/Feature_Tutorials/04-packet-switching/pktstream_aie/pl_kernels/_x/s2mm/s2mm/s2mm/solution/.autopilot/db/s2mm.pp.0.cpp std=gnu++14 -target fpga  -directive=/home/sai.divya/pkt_clone/AI_Engine_Development/Feature_Tutorials/04-packet-switching/pktstream_aie/pl_kernels/_x/s2mm/s2mm/s2mm/solution/.autopilot/db/all.directive.json 
INFO-FLOW: exec /home/Xilinx/Vitis_2022_2/Vitis_HLS/2022.2/lnx64/tools/clang-3.9-csynth/bin/clang-tidy -header-filter=.* --checks=-*,xilinx-directive2pragma -import-directive=/home/sai.divya/pkt_clone/AI_Engine_Development/Feature_Tutorials/04-packet-switching/pktstream_aie/pl_kernels/_x/s2mm/s2mm/s2mm/solution/.autopilot/db/all.directive.json -fix-errors /home/sai.divya/pkt_clone/AI_Engine_Development/Feature_Tutorials/04-packet-switching/pktstream_aie/pl_kernels/_x/s2mm/s2mm/s2mm/solution/.autopilot/db/s2mm.pp.0.cpp -- -std=gnu++14 -target fpga -fhls -ferror-limit=0
Command         clang_tidy done; 0.88 sec.
Execute         clang_tidy xilinx-remove-assert -desc remove-assert /home/sai.divya/pkt_clone/AI_Engine_Development/Feature_Tutorials/04-packet-switching/pktstream_aie/pl_kernels/_x/s2mm/s2mm/s2mm/solution/.autopilot/db/s2mm.pp.0.cpp std=gnu++14 -target fpga  
INFO-FLOW: exec /home/Xilinx/Vitis_2022_2/Vitis_HLS/2022.2/lnx64/tools/clang-3.9-csynth/bin/clang-tidy -header-filter=.* --checks=-*,xilinx-remove-assert -fix-errors /home/sai.divya/pkt_clone/AI_Engine_Development/Feature_Tutorials/04-packet-switching/pktstream_aie/pl_kernels/_x/s2mm/s2mm/s2mm/solution/.autopilot/db/s2mm.pp.0.cpp -- -std=gnu++14 -target fpga -fhls -ferror-limit=0
Command         clang_tidy done; 0.58 sec.
INFO-FLOW: Done: clang-tidy CDT preprocess 39 time: 1.5 seconds per iteration
INFO-FLOW: Calling xilinx-label-all-loops ... 
INFO-FLOW: Calling xilinx-aggregate-on-hls-vector ... 
Execute         clang_tidy -errorcheck -desc loop-label xilinx-label-all-loops,xilinx-aggregate-on-hls-vector,,xilinx-warn-mayneed-no-ctor-attribute /home/sai.divya/pkt_clone/AI_Engine_Development/Feature_Tutorials/04-packet-switching/pktstream_aie/pl_kernels/_x/s2mm/s2mm/s2mm/solution/.autopilot/db/s2mm.pp.0.cpp std=gnu++14 -target fpga  
Execute           ap_eval exec -ignorestderr /home/Xilinx/Vitis_2022_2/Vitis_HLS/2022.2/lnx64/tools/clang-3.9-csynth/bin/clang-tidy -export-fixes=/home/sai.divya/pkt_clone/AI_Engine_Development/Feature_Tutorials/04-packet-switching/pktstream_aie/pl_kernels/_x/s2mm/s2mm/s2mm/solution/.autopilot/db/s2mm.pp.0.cpp.clang-tidy.loop-label.diag.yml -header-filter=.* --checks=-*,xilinx-label-all-loops,xilinx-aggregate-on-hls-vector,,xilinx-warn-mayneed-no-ctor-attribute -fix-errors /home/sai.divya/pkt_clone/AI_Engine_Development/Feature_Tutorials/04-packet-switching/pktstream_aie/pl_kernels/_x/s2mm/s2mm/s2mm/solution/.autopilot/db/s2mm.pp.0.cpp -- -std=gnu++14 -target fpga -fhls -ferror-limit=0 > /home/sai.divya/pkt_clone/AI_Engine_Development/Feature_Tutorials/04-packet-switching/pktstream_aie/pl_kernels/_x/s2mm/s2mm/s2mm/solution/.autopilot/db/s2mm.pp.0.cpp.clang-tidy.loop-label.out.log 2> /home/sai.divya/pkt_clone/AI_Engine_Development/Feature_Tutorials/04-packet-switching/pktstream_aie/pl_kernels/_x/s2mm/s2mm/s2mm/solution/.autopilot/db/s2mm.pp.0.cpp.clang-tidy.loop-label.err.log 
Command           ap_eval done; 0.96 sec.
Execute           source /home/Xilinx/Vitis_2022_2/Vitis_HLS/2022.2/tps/tcl/tcllib1.11.1/yaml/yaml.tcl 
Command         clang_tidy done; 1.01 sec.
Execute         ap_eval exec -ignorestderr /home/Xilinx/Vitis_2022_2/Vitis_HLS/2022.2/lnx64/tools/clang-3.9-csynth/bin/xilinx-dataflow-lawyer -export-fixes=/home/sai.divya/pkt_clone/AI_Engine_Development/Feature_Tutorials/04-packet-switching/pktstream_aie/pl_kernels/_x/s2mm/s2mm/s2mm/solution/.autopilot/db/s2mm.pp.0.cpp.xilinx-dataflow-lawyer.diag.yml /home/sai.divya/pkt_clone/AI_Engine_Development/Feature_Tutorials/04-packet-switching/pktstream_aie/pl_kernels/_x/s2mm/s2mm/s2mm/solution/.autopilot/db/s2mm.pp.0.cpp -- -std=gnu++14 -target fpga -fhls -ferror-limit=0 -fstrict-dataflow > /home/sai.divya/pkt_clone/AI_Engine_Development/Feature_Tutorials/04-packet-switching/pktstream_aie/pl_kernels/_x/s2mm/s2mm/s2mm/solution/.autopilot/db/s2mm.pp.0.cpp.xilinx-dataflow-lawyer.out.log 2> /home/sai.divya/pkt_clone/AI_Engine_Development/Feature_Tutorials/04-packet-switching/pktstream_aie/pl_kernels/_x/s2mm/s2mm/s2mm/solution/.autopilot/db/s2mm.pp.0.cpp.xilinx-dataflow-lawyer.err.log 
Command         ap_eval done; 0.85 sec.
Execute         ap_part_info -name xcvc1902-vsvd1760-2MP-e-S -data info 
INFO-FLOW: compiling source code to llvm bc
Execute         ap_eval exec -ignorestderr /home/Xilinx/Vitis_2022_2/Vitis_HLS/2022.2/lnx64/tools/clang-3.9-csynth/bin/clang -foptimization-record-file=/home/sai.divya/pkt_clone/AI_Engine_Development/Feature_Tutorials/04-packet-switching/pktstream_aie/pl_kernels/_x/s2mm/s2mm/s2mm/solution/.autopilot/db/s2mm.pp.0.cpp.clang.diag.yml -mllvm -pass-remarks-missed=reflow|pasta|unroll -mllvm -pass-remarks=reflow|pasta|unroll|inline -fno-limit-debug-info -fhls -flto -fno-exceptions -Wno-error=c++11-narrowing /home/sai.divya/pkt_clone/AI_Engine_Development/Feature_Tutorials/04-packet-switching/pktstream_aie/pl_kernels/_x/s2mm/s2mm/s2mm/solution/.autopilot/db/s2mm.pp.0.cpp -fno-math-errno -c -emit-llvm -mllvm -disable-llvm-optzns -Werror=implicit-function-declaration -Werror=implicit-hls-streams -Werror=return-type -Wpragmas -Wunused-parameter -Wdump-hls-pragmas -Wno-error=dump-hls-pragmas -fno-threadsafe-statics -fno-use-cxa-atexit -std=gnu++14 -target fpga64-xilinx-linux-gnu -D__VITIS_HLS__ -DAESL_SYN -D__SYNTHESIS__ -D__HLS_SYN__ -I /home/Xilinx/Vitis_2022_2/Vitis_HLS/2022.2/common/technology/autopilot -I /home/Xilinx/Vitis_2022_2/Vitis_HLS/2022.2/common/technology/autopilot/ap_sysc -include etc/autopilot_ssdm_op.h -D__DSP58_PRIMARY__ -g -o /home/sai.divya/pkt_clone/AI_Engine_Development/Feature_Tutorials/04-packet-switching/pktstream_aie/pl_kernels/_x/s2mm/s2mm/s2mm/solution/.autopilot/db/s2mm.bc -hls-platform-db-name=/home/Xilinx/Vitis_2022_2/Vitis_HLS/2022.2/common/technology/xilinx/common/platform.db -hls-platform-name=versal_medium -device-resource-info=BRAM_1934.000000_DSP_1968.000000_FF_1799680.000000_LUT_899840.000000_SLICE_112480.000000_URAM_463.000000 -device-name-info=xcvc1902-vsvd1760-2MP-e-S > /home/sai.divya/pkt_clone/AI_Engine_Development/Feature_Tutorials/04-packet-switching/pktstream_aie/pl_kernels/_x/s2mm/s2mm/s2mm/solution/.autopilot/db/s2mm.pp.0.cpp.clang.out.log 2> /home/sai.divya/pkt_clone/AI_Engine_Development/Feature_Tutorials/04-packet-switching/pktstream_aie/pl_kernels/_x/s2mm/s2mm/s2mm/solution/.autopilot/db/s2mm.pp.0.cpp.clang.err.log 
Command         ap_eval done; 0.85 sec.
INFO: [HLS 200-111] Finished Source Code Analysis and Preprocessing: CPU user time: 4.8 seconds. CPU system time: 0.93 seconds. Elapsed time: 7.27 seconds; current allocated memory: 757.574 MB.
INFO-FLOW: Linking Debug ...
INFO-FLOW: Linking dut bc code.
Execute         run_link_or_opt -out /home/sai.divya/pkt_clone/AI_Engine_Development/Feature_Tutorials/04-packet-switching/pktstream_aie/pl_kernels/_x/s2mm/s2mm/s2mm/solution/.autopilot/db/a.g.ld.0.bc -args  "/home/sai.divya/pkt_clone/AI_Engine_Development/Feature_Tutorials/04-packet-switching/pktstream_aie/pl_kernels/_x/s2mm/s2mm/s2mm/solution/.autopilot/db/s2mm.g.bc"  
Execute           ap_eval exec -ignorestderr /home/Xilinx/Vitis_2022_2/Vitis_HLS/2022.2/lnx64/tools/clang-3.9-csynth/bin/llvm-link /home/sai.divya/pkt_clone/AI_Engine_Development/Feature_Tutorials/04-packet-switching/pktstream_aie/pl_kernels/_x/s2mm/s2mm/s2mm/solution/.autopilot/db/s2mm.g.bc -o /home/sai.divya/pkt_clone/AI_Engine_Development/Feature_Tutorials/04-packet-switching/pktstream_aie/pl_kernels/_x/s2mm/s2mm/s2mm/solution/.autopilot/db/a.g.ld.0.bc > /home/sai.divya/pkt_clone/AI_Engine_Development/Feature_Tutorials/04-packet-switching/pktstream_aie/pl_kernels/_x/s2mm/s2mm/s2mm/solution/.autopilot/db/a.g.ld.0.bc.llvm-link.out.log 2> /home/sai.divya/pkt_clone/AI_Engine_Development/Feature_Tutorials/04-packet-switching/pktstream_aie/pl_kernels/_x/s2mm/s2mm/s2mm/solution/.autopilot/db/a.g.ld.0.bc.llvm-link.err.log 
Command           ap_eval done; 0.14 sec.
INFO-FLOW: 
Command         run_link_or_opt done; 0.14 sec.
Execute         run_link_or_opt -opt -out /home/sai.divya/pkt_clone/AI_Engine_Development/Feature_Tutorials/04-packet-switching/pktstream_aie/pl_kernels/_x/s2mm/s2mm/s2mm/solution/.autopilot/db/a.g.ld.1.lower.bc -args /home/sai.divya/pkt_clone/AI_Engine_Development/Feature_Tutorials/04-packet-switching/pktstream_aie/pl_kernels/_x/s2mm/s2mm/s2mm/solution/.autopilot/db/a.g.ld.0.bc -reflow-lower-math-intrinsics 
Execute           ap_eval exec -ignorestderr /home/Xilinx/Vitis_2022_2/Vitis_HLS/2022.2/lnx64/tools/clang-3.9-csynth/bin/opt -pass-remarks-missed=reflow|pasta|unroll -pass-remarks=reflow|pasta|unroll|inline -pass-remarks-output=/home/sai.divya/pkt_clone/AI_Engine_Development/Feature_Tutorials/04-packet-switching/pktstream_aie/pl_kernels/_x/s2mm/s2mm/s2mm/solution/.autopilot/db/a.g.ld.1.lower.bc.opt.diag.yml /home/sai.divya/pkt_clone/AI_Engine_Development/Feature_Tutorials/04-packet-switching/pktstream_aie/pl_kernels/_x/s2mm/s2mm/s2mm/solution/.autopilot/db/a.g.ld.0.bc -reflow-lower-math-intrinsics -o /home/sai.divya/pkt_clone/AI_Engine_Development/Feature_Tutorials/04-packet-switching/pktstream_aie/pl_kernels/_x/s2mm/s2mm/s2mm/solution/.autopilot/db/a.g.ld.1.lower.bc > /home/sai.divya/pkt_clone/AI_Engine_Development/Feature_Tutorials/04-packet-switching/pktstream_aie/pl_kernels/_x/s2mm/s2mm/s2mm/solution/.autopilot/db/a.g.ld.1.lower.bc.opt.out.log 2> /home/sai.divya/pkt_clone/AI_Engine_Development/Feature_Tutorials/04-packet-switching/pktstream_aie/pl_kernels/_x/s2mm/s2mm/s2mm/solution/.autopilot/db/a.g.ld.1.lower.bc.opt.err.log 
Command           ap_eval done; 0.56 sec.
INFO-FLOW: 
Command         run_link_or_opt done; 0.56 sec.
INFO-FLOW: Linking math bc lib
Execute         run_link_or_opt -out /home/sai.divya/pkt_clone/AI_Engine_Development/Feature_Tutorials/04-packet-switching/pktstream_aie/pl_kernels/_x/s2mm/s2mm/s2mm/solution/.autopilot/db/a.g.ld.2.m1.bc -args /home/sai.divya/pkt_clone/AI_Engine_Development/Feature_Tutorials/04-packet-switching/pktstream_aie/pl_kernels/_x/s2mm/s2mm/s2mm/solution/.autopilot/db/a.g.ld.1.lower.bc -only-needed /home/Xilinx/Vitis_2022_2/Vitis_HLS/2022.2/lnx64/lib/libhlsm_39.bc /home/Xilinx/Vitis_2022_2/Vitis_HLS/2022.2/lnx64/lib/libhlsmc++_39.bc 
Execute           ap_eval exec -ignorestderr /home/Xilinx/Vitis_2022_2/Vitis_HLS/2022.2/lnx64/tools/clang-3.9-csynth/bin/llvm-link /home/sai.divya/pkt_clone/AI_Engine_Development/Feature_Tutorials/04-packet-switching/pktstream_aie/pl_kernels/_x/s2mm/s2mm/s2mm/solution/.autopilot/db/a.g.ld.1.lower.bc -only-needed /home/Xilinx/Vitis_2022_2/Vitis_HLS/2022.2/lnx64/lib/libhlsm_39.bc /home/Xilinx/Vitis_2022_2/Vitis_HLS/2022.2/lnx64/lib/libhlsmc++_39.bc -o /home/sai.divya/pkt_clone/AI_Engine_Development/Feature_Tutorials/04-packet-switching/pktstream_aie/pl_kernels/_x/s2mm/s2mm/s2mm/solution/.autopilot/db/a.g.ld.2.m1.bc > /home/sai.divya/pkt_clone/AI_Engine_Development/Feature_Tutorials/04-packet-switching/pktstream_aie/pl_kernels/_x/s2mm/s2mm/s2mm/solution/.autopilot/db/a.g.ld.2.m1.bc.llvm-link.out.log 2> /home/sai.divya/pkt_clone/AI_Engine_Development/Feature_Tutorials/04-packet-switching/pktstream_aie/pl_kernels/_x/s2mm/s2mm/s2mm/solution/.autopilot/db/a.g.ld.2.m1.bc.llvm-link.err.log 
Command           ap_eval done; 4.07 sec.
INFO-FLOW: 
Command         run_link_or_opt done; 4.07 sec.
Execute         run_link_or_opt -opt -out /home/sai.divya/pkt_clone/AI_Engine_Development/Feature_Tutorials/04-packet-switching/pktstream_aie/pl_kernels/_x/s2mm/s2mm/s2mm/solution/.autopilot/db/a.g.ld.3.fpc.bc -args /home/sai.divya/pkt_clone/AI_Engine_Development/Feature_Tutorials/04-packet-switching/pktstream_aie/pl_kernels/_x/s2mm/s2mm/s2mm/solution/.autopilot/db/a.g.ld.2.m1.bc -reflow-globaldce -hls-top-function-name=s2mm -reflow-float-conversion 
Execute           ap_eval exec -ignorestderr /home/Xilinx/Vitis_2022_2/Vitis_HLS/2022.2/lnx64/tools/clang-3.9-csynth/bin/opt -pass-remarks-missed=reflow|pasta|unroll -pass-remarks=reflow|pasta|unroll|inline -pass-remarks-output=/home/sai.divya/pkt_clone/AI_Engine_Development/Feature_Tutorials/04-packet-switching/pktstream_aie/pl_kernels/_x/s2mm/s2mm/s2mm/solution/.autopilot/db/a.g.ld.3.fpc.bc.opt.diag.yml /home/sai.divya/pkt_clone/AI_Engine_Development/Feature_Tutorials/04-packet-switching/pktstream_aie/pl_kernels/_x/s2mm/s2mm/s2mm/solution/.autopilot/db/a.g.ld.2.m1.bc -reflow-globaldce -hls-top-function-name=s2mm -reflow-float-conversion -o /home/sai.divya/pkt_clone/AI_Engine_Development/Feature_Tutorials/04-packet-switching/pktstream_aie/pl_kernels/_x/s2mm/s2mm/s2mm/solution/.autopilot/db/a.g.ld.3.fpc.bc > /home/sai.divya/pkt_clone/AI_Engine_Development/Feature_Tutorials/04-packet-switching/pktstream_aie/pl_kernels/_x/s2mm/s2mm/s2mm/solution/.autopilot/db/a.g.ld.3.fpc.bc.opt.out.log 2> /home/sai.divya/pkt_clone/AI_Engine_Development/Feature_Tutorials/04-packet-switching/pktstream_aie/pl_kernels/_x/s2mm/s2mm/s2mm/solution/.autopilot/db/a.g.ld.3.fpc.bc.opt.err.log 
Command           ap_eval done; 1.49 sec.
INFO-FLOW: 
Command         run_link_or_opt done; 1.49 sec.
Execute         run_link_or_opt -out /home/sai.divya/pkt_clone/AI_Engine_Development/Feature_Tutorials/04-packet-switching/pktstream_aie/pl_kernels/_x/s2mm/s2mm/s2mm/solution/.autopilot/db/a.g.ld.4.m2.bc -args /home/sai.divya/pkt_clone/AI_Engine_Development/Feature_Tutorials/04-packet-switching/pktstream_aie/pl_kernels/_x/s2mm/s2mm/s2mm/solution/.autopilot/db/a.g.ld.3.fpc.bc -only-needed /home/Xilinx/Vitis_2022_2/Vitis_HLS/2022.2/lnx64/lib/libfloatconversion_39.bc 
Execute           ap_eval exec -ignorestderr /home/Xilinx/Vitis_2022_2/Vitis_HLS/2022.2/lnx64/tools/clang-3.9-csynth/bin/llvm-link /home/sai.divya/pkt_clone/AI_Engine_Development/Feature_Tutorials/04-packet-switching/pktstream_aie/pl_kernels/_x/s2mm/s2mm/s2mm/solution/.autopilot/db/a.g.ld.3.fpc.bc -only-needed /home/Xilinx/Vitis_2022_2/Vitis_HLS/2022.2/lnx64/lib/libfloatconversion_39.bc -o /home/sai.divya/pkt_clone/AI_Engine_Development/Feature_Tutorials/04-packet-switching/pktstream_aie/pl_kernels/_x/s2mm/s2mm/s2mm/solution/.autopilot/db/a.g.ld.4.m2.bc > /home/sai.divya/pkt_clone/AI_Engine_Development/Feature_Tutorials/04-packet-switching/pktstream_aie/pl_kernels/_x/s2mm/s2mm/s2mm/solution/.autopilot/db/a.g.ld.4.m2.bc.llvm-link.out.log 2> /home/sai.divya/pkt_clone/AI_Engine_Development/Feature_Tutorials/04-packet-switching/pktstream_aie/pl_kernels/_x/s2mm/s2mm/s2mm/solution/.autopilot/db/a.g.ld.4.m2.bc.llvm-link.err.log 
Command           ap_eval done; 0.16 sec.
INFO-FLOW: 
Command         run_link_or_opt done; 0.17 sec.
Execute         run_link_or_opt -opt -out /home/sai.divya/pkt_clone/AI_Engine_Development/Feature_Tutorials/04-packet-switching/pktstream_aie/pl_kernels/_x/s2mm/s2mm/s2mm/solution/.autopilot/db/a.g.ld.5.gdce.bc -args /home/sai.divya/pkt_clone/AI_Engine_Development/Feature_Tutorials/04-packet-switching/pktstream_aie/pl_kernels/_x/s2mm/s2mm/s2mm/solution/.autopilot/db/a.g.ld.4.m2.bc -reflow-globaldce -hls-top-function-name=s2mm 
Execute           ap_eval exec -ignorestderr /home/Xilinx/Vitis_2022_2/Vitis_HLS/2022.2/lnx64/tools/clang-3.9-csynth/bin/opt -pass-remarks-missed=reflow|pasta|unroll -pass-remarks=reflow|pasta|unroll|inline -pass-remarks-output=/home/sai.divya/pkt_clone/AI_Engine_Development/Feature_Tutorials/04-packet-switching/pktstream_aie/pl_kernels/_x/s2mm/s2mm/s2mm/solution/.autopilot/db/a.g.ld.5.gdce.bc.opt.diag.yml /home/sai.divya/pkt_clone/AI_Engine_Development/Feature_Tutorials/04-packet-switching/pktstream_aie/pl_kernels/_x/s2mm/s2mm/s2mm/solution/.autopilot/db/a.g.ld.4.m2.bc -reflow-globaldce -hls-top-function-name=s2mm -o /home/sai.divya/pkt_clone/AI_Engine_Development/Feature_Tutorials/04-packet-switching/pktstream_aie/pl_kernels/_x/s2mm/s2mm/s2mm/solution/.autopilot/db/a.g.ld.5.gdce.bc > /home/sai.divya/pkt_clone/AI_Engine_Development/Feature_Tutorials/04-packet-switching/pktstream_aie/pl_kernels/_x/s2mm/s2mm/s2mm/solution/.autopilot/db/a.g.ld.5.gdce.bc.opt.out.log 2> /home/sai.divya/pkt_clone/AI_Engine_Development/Feature_Tutorials/04-packet-switching/pktstream_aie/pl_kernels/_x/s2mm/s2mm/s2mm/solution/.autopilot/db/a.g.ld.5.gdce.bc.opt.err.log 
INFO-FLOW: 
Execute         send_msg_by_id INFO @200-777@%s Vitis 
INFO: [HLS 200-777] Using interface defaults for 'Vitis' flow target.
Execute         is_m_axi_addr64 
INFO-FLOW: Doing LTO.
Execute         ap_eval exec -ignorestderr /home/Xilinx/Vitis_2022_2/Vitis_HLS/2022.2/lnx64/tools/clang-3.9-csynth/bin/clang -foptimization-record-file=/home/sai.divya/pkt_clone/AI_Engine_Development/Feature_Tutorials/04-packet-switching/pktstream_aie/pl_kernels/_x/s2mm/s2mm/s2mm/solution/.autopilot/db/a.g.ld.0.bc.clang.diag.yml -mllvm -pass-remarks-missed=reflow|pasta|unroll -mllvm -pass-remarks=reflow|pasta|unroll|inline -fhls -mllvm -hls-top-function-name=s2mm -mllvm -hls-db-dir -mllvm /home/sai.divya/pkt_clone/AI_Engine_Development/Feature_Tutorials/04-packet-switching/pktstream_aie/pl_kernels/_x/s2mm/s2mm/s2mm/solution/.autopilot/db -emit-llvm -c -target fpga64-xilinx-none -mllvm -xcl-xmlinfo=/home/sai.divya/pkt_clone/AI_Engine_Development/Feature_Tutorials/04-packet-switching/pktstream_aie/pl_kernels/_x/s2mm/s2mm/s2mm/solution/.autopilot/db/../../../kernel.xml -mllvm -top-io-mapping-info=/home/sai.divya/pkt_clone/AI_Engine_Development/Feature_Tutorials/04-packet-switching/pktstream_aie/pl_kernels/_x/s2mm/s2mm/s2mm/solution/.autopilot/db/top-io-fe.xml -mllvm -hls-bitcode-version=3.1 -mllvm -reflow-enable-slave-interface-default-setting=true -mllvm -gen-kernel-xml=true -mllvm -default-maxi-offset=slave -mllvm -maxi-latency=64 -mllvm -hls-maxi-data-size-in-bits=8 -mllvm -hls-maxi-max-data-size-in-bits=1024 -mllvm -hls-max-widen-size-in-bits=512 -mllvm -xcl-kernel-max-mem-ports=0 -mllvm -maxi-read-trans=16 -mllvm -maxi-write-trans=16 -mllvm -maxi-read-burst-len=16 -mllvm -maxi-write-burst-len=16 -mllvm -reflow-enable-saxi-64bits=0 -mllvm -reflow-basic-block-instr-threshold=200000 -mllvm -reflow-auto-pipeline-threshold=64 -mllvm -reflow-enable-maxi-auto-id-channel=0 -mllvm -assume-maxi-align=64 -mllvm -reflow-pipeline-style-llvm-setting=2 -mllvm -reflow-enable-dataflow-strict-mode-checking=1 -mllvm -reflow-auto-array-partition-mode=default -mllvm -reflow-enable-auto-array-partition=true -mllvm -reflow-enable-auto-parallel-performance-driven=true -mllvm -reflow-enable-partition-for-automation=true -mllvm -reflow-aggregate-bitwidth-threshold=4096 -mllvm -reflow-assume-no-address-wrap=true -mllvm -hls -mllvm -disable-inlined-alloca-merging=true -mllvm -enable-reflow-vitis-flow-setting=true -mllvm -default-clock-period=4 -x ir /home/sai.divya/pkt_clone/AI_Engine_Development/Feature_Tutorials/04-packet-switching/pktstream_aie/pl_kernels/_x/s2mm/s2mm/s2mm/solution/.autopilot/db/a.g.ld.5.gdce.bc -o /home/sai.divya/pkt_clone/AI_Engine_Development/Feature_Tutorials/04-packet-switching/pktstream_aie/pl_kernels/_x/s2mm/s2mm/s2mm/solution/.autopilot/db/a.g.lto.bc -hls-platform-db-name=/home/Xilinx/Vitis_2022_2/Vitis_HLS/2022.2/common/technology/xilinx/common/platform.db -hls-platform-name=versal_medium -device-resource-info=BRAM_1934.000000_DSP_1968.000000_FF_1799680.000000_LUT_899840.000000_SLICE_112480.000000_URAM_463.000000 -device-name-info=xcvc1902-vsvd1760-2MP-e-S > /home/sai.divya/pkt_clone/AI_Engine_Development/Feature_Tutorials/04-packet-switching/pktstream_aie/pl_kernels/_x/s2mm/s2mm/s2mm/solution/.autopilot/db/a.g.ld.0.bc.clang.out.log 2> /home/sai.divya/pkt_clone/AI_Engine_Development/Feature_Tutorials/04-packet-switching/pktstream_aie/pl_kernels/_x/s2mm/s2mm/s2mm/solution/.autopilot/db/a.g.ld.0.bc.clang.err.log 
Command         ap_eval done; 0.47 sec.
INFO: [HLS 214-115] Multiple burst writes of variable length and bit width 32 in loop 'VITIS_LOOP_29_1'(/home/sai.divya/pkt_clone/AI_Engine_Development/Feature_Tutorials/04-packet-switching/pktstream_aie/pl_kernels/s2mm.cpp:29:19) has been inferred on bundle 'gmem'. These burst requests might be further partitioned into multiple requests during RTL generation, based on max_read_burst_length or max_write_burst_length settings. (/home/sai.divya/pkt_clone/AI_Engine_Development/Feature_Tutorials/04-packet-switching/pktstream_aie/pl_kernels/s2mm.cpp:29:19)
INFO-FLOW: DBG:PUTS: copy_raw_kernel_xml ap_link_39: copying raw kernel.xml: /home/sai.divya/pkt_clone/AI_Engine_Development/Feature_Tutorials/04-packet-switching/pktstream_aie/pl_kernels/_x/s2mm/s2mm/s2mm/solution/.autopilot/db/../../../kernel.xml -> /home/sai.divya/pkt_clone/AI_Engine_Development/Feature_Tutorials/04-packet-switching/pktstream_aie/pl_kernels/_x/s2mm/s2mm/s2mm/solution/.autopilot/db/kernel.internal.xml
INFO: [HLS 200-111] Finished Compiling Optimization and Transform: CPU user time: 5.08 seconds. CPU system time: 0.88 seconds. Elapsed time: 7.09 seconds; current allocated memory: 758.223 MB.
INFO: [HLS 200-111] Finished Checking Pragmas: CPU user time: 0 seconds. CPU system time: 0 seconds. Elapsed time: 0 seconds; current allocated memory: 758.223 MB.
Execute         opt_and_import_c a -opt_level=2 -skip_syncheck=0 -ng=0 -keep_printf=0 
Execute           cleanup_all_models 
INFO: [HLS 200-10] Starting code transformations ...
INFO-FLOW: Running Standard Transforms...
Execute           transform -hls -share-std-xform -demangle-name -inline-byval-memcpy -always-inline -promote-dbg-pointer -interface-preproc -mem2reg -scalarrepl -mem2reg -keep-read-access -instcombine -dce -promote-dbg-pointer -bitop-raise -loop-simplify -indvarspre -indvars -loop-simplify -xunroll -constprop -instcombine -simplifycfg -indvars -simplifycfg -dce -globaldce -basicaa -simplifycfg -mem2reg -globalopt -global-constprop -deadargelim -instcombine -simplifycfg -scalarrepl -instcombine -reassociate -licm -simplifycfg -loop-simplify -indvars -instcombine -simplifycfg -mem2reg -loop-simplify -indvars -instcombine -gvn -gvn -instcombine -adce -break-crit-edges -simplifycfg -loop-delete -global-array-opt -dce -dse -adce -find-syn-modules -top s2mm -deadargelim -mem2reg -instcombine -dce -presyn-prepare -auto-rom-infer -interface-preproc -syn-check -check-rec-only -find-region -simplifycfg -func-extr -function-inline -globaldce -mem2reg -instcombine -dce -gvn -globaldce -adce -adse -constprop -instcombine -bit-constprop -instcombine -dce -simplifycfg -bitop-raise -simplifycfg -dce -loop-delete -reassociate -globalopt -global-privatize -mem2reg -dce -global-constprop -pointer-simplify -constprop -dce -auto-shift-reg-idiom -promote-dbg-pointer -norm-name /home/sai.divya/pkt_clone/AI_Engine_Development/Feature_Tutorials/04-packet-switching/pktstream_aie/pl_kernels/_x/s2mm/s2mm/s2mm/solution/.autopilot/db/a.g.0.bc -o /home/sai.divya/pkt_clone/AI_Engine_Development/Feature_Tutorials/04-packet-switching/pktstream_aie/pl_kernels/_x/s2mm/s2mm/s2mm/solution/.autopilot/db/a.g.1.bc -f -phase std-opt 
Command           transform done; 0.2 sec.
INFO: [HLS 200-111] Finished Standard Transforms: CPU user time: 0.05 seconds. CPU system time: 0.02 seconds. Elapsed time: 0.22 seconds; current allocated memory: 762.934 MB.
INFO: [HLS 200-10] Checking synthesizability ...
INFO-FLOW: Checking Synthesizability 1/2..
Execute           transform -hls -syn-check -check-rec-only -scalarrepl -norm-name -dce -mem2reg -instcombine -directive-preproc -mem2reg -dse -dce -auto-rom-infer -dce -pag -array-normalize -instcombine -dce -array-seg-normalize -instcombine -dce -data-pack -instcombine -dce -inst-simplify -array-flatten -instcombine -dce -array-burst -dce -deadargelim -promote-global-argument -simplifycfg -mem2reg -globaldce -dce -deadargelim -dce -instcombine -function-inline -globaldce -dce -doublePtrSimplify -doublePtrElim -dce -doublePtrSimplify -promote-dbg-pointer -dce -scalarrepl -dse -adse -instcombine -ptrLegalization -simplifycfg -dce -instcombine -pointer-simplify -ptrArgReplace -dce -instcombine -resolve-double-ptr -scalarrepl -norm-name -dce -mem2reg -instcombine -ptrLegalization -simplifycfg -deadargelim -instcombine -dce -inst-simplify -directive-preproc -mem2reg -dse -dce -globaldce /home/sai.divya/pkt_clone/AI_Engine_Development/Feature_Tutorials/04-packet-switching/pktstream_aie/pl_kernels/_x/s2mm/s2mm/s2mm/solution/.autopilot/db/a.g.1.bc -o /home/sai.divya/pkt_clone/AI_Engine_Development/Feature_Tutorials/04-packet-switching/pktstream_aie/pl_kernels/_x/s2mm/s2mm/s2mm/solution/.autopilot/db/a.g.2.prechk.bc -f 
INFO-FLOW: Checking Synthesizability 2/2..
Execute           transform -syn-check /home/sai.divya/pkt_clone/AI_Engine_Development/Feature_Tutorials/04-packet-switching/pktstream_aie/pl_kernels/_x/s2mm/s2mm/s2mm/solution/.autopilot/db/a.g.2.prechk.bc -o /home/sai.divya/pkt_clone/AI_Engine_Development/Feature_Tutorials/04-packet-switching/pktstream_aie/pl_kernels/_x/s2mm/s2mm/s2mm/solution/.autopilot/db/a.g.2.bc -f -phase syn-check 
INFO: [HLS 200-111] Finished Checking Synthesizability: CPU user time: 0.08 seconds. CPU system time: 0 seconds. Elapsed time: 0.1 seconds; current allocated memory: 771.102 MB.
INFO-FLOW: Compiler optimizing ...
INFO-FLOW: Share syncheck's 1.bc for syn flow: copy /home/sai.divya/pkt_clone/AI_Engine_Development/Feature_Tutorials/04-packet-switching/pktstream_aie/pl_kernels/_x/s2mm/s2mm/s2mm/solution/.autopilot/db/a.g.1.bc to /home/sai.divya/pkt_clone/AI_Engine_Development/Feature_Tutorials/04-packet-switching/pktstream_aie/pl_kernels/_x/s2mm/s2mm/s2mm/solution/.autopilot/db/a.o.1.bc
INFO-FLOW: Presyn 1...
Execute           transform -hls -tmp /home/sai.divya/pkt_clone/AI_Engine_Development/Feature_Tutorials/04-packet-switching/pktstream_aie/pl_kernels/_x/s2mm/s2mm/s2mm/solution/.autopilot/db -interface-port-rename -directive-preproc -mem2reg -dse -dce -scalarrepl -norm-name -deadargelim -mem2reg -instcombine -dce -simplifycfg -auto-rom-infer -dce -resource-proc -clib-intrinsic-prepare -dce -func-buffer -dce -pag -array-normalize -func-legal -instcombine -gvn -constprop -dce -simplifycfg -mem2reg -globaldce -resolve-double-ptr -dce -deadargelim -dce -instcombine -ptrArgReplace -mem2reg -dce -array-seg-normalize -deadargelim -instcombine -dce -directive-preproc -mem2reg -dse -dce -pointer-simplify -dce -port-alignment -dce -interface-preproc -data-pack -instcombine -dce -basicaa -aggr-aa -aggrmodref-aa -aggr-aa -gvn -gvn -basicaa -aggr-aa -aggrmodref-aa -aggr-aa -dse -adse -adce -loop-simplify -indvars -instcombine -gvn -loop-simplify -mem2reg -dce -find-region -instcombine -auto-loop-pipeline -inst-simplify -interface-preproc -cfgopt -instcombine -indvars -auto-loop-unroll -loop-simplify -loop-bound -xunroll -constprop -instcombine -simplifycfg -indvars -simplifycfg -dce -globaldce -clean-region -attach-range -gvn -inst-simplify -constprop -simplifycfg -dce -pointer-simplify -dce -globalopt -constprop -dce -array-promote -scalar-auto-dep-elim -constprop -dce -ptrArgReplace -mem2reg -simplifycfg -dce -instcombine -dce -array-transform-check -array-reshape -instcombine -simplifycfg -dce -ptrArgReplace -deadargelim -mem2reg -instcombine -simplifycfg -dce -indvars -loop-simplify -loop-bound -xunroll -constprop -instcombine -simplifycfg -indvars -simplifycfg -dce -globaldce -basicaa -aggr-aa -aggrmodref-aa -aggr-aa -dse -duplicate-dataflow-processes -globaldce -instcombine -array-partition -prepare-dynamic-array-partition -instcombine -simplifycfg -dce -ptrArgReplace -global-constprop -deadargelim -mem2reg -func-legal -dce -global-constprop -deadargelim -mem2reg -simplifycfg -dce -merge-param -deadargelim -globalopt -constprop -dce -array-promote -scalar-auto-dep-elim -constprop -dce -ptrArgReplace -mem2reg -simplifycfg -dce -mem-intrinsic-preproc -dce -global-internalize -global-privatize -mem2reg -globaldce -promote-global-argument -ptrArgReplace -mem2reg -dce -globalopt -mergereturn -simplify-global-access -mem2reg -dce -pointer-simplify -dce -functionattrs -basicaa -aggr-aa -aggrmodref-aa -aggr-aa -gvn -gvn -basicaa -aggr-aa -aggrmodref-aa -aggr-aa -dse -adse -adce -dce -norm-name -basicaa -aggr-aa -aggrmodref-aa -aggr-aa -accesses-merge -function-inline -complex-op-raise -inst-simplify -globaldce -func-legal -dce -loop-bound -arraycheck -bitwidthmin2 -bitwidthmin2 -on-by-dataflow -loop-delete -instcombine -simplifycfg -globaldce -dce -gvn -deadargelim -dce -loop-simplify -clean-region -simplifycfg -propagate-stable-arguments -loop-stream -instcombine -simplifycfg -dce -globaldce -duplicate-dataflow-processes -stream-intrinsic-preproc -dce -check-ap-stream -loop-simplify -eliminate-keepreads -extract-dataflow-in-loop -loop-simplify -dce -gvn -deadargelim -dse -duplicate-dataflow-processes -check-dataflow-syntax -legalize-stream-variable -globaldce -legalize-global -extract-subproc -dce -dead-channel-elimination -canonicalize-gep -globaldce -dce -gvn -hls-dead-arg-elim -deadargelim -directive-preproc -canonicalize-dataflow -dce -globaldce -scalar-preprocessing -scalar-propagation2 -deadargelim -globaldce -mem2reg -check-dataflow-channels -function-stream -dce -globaldce -prop-fifo-spec -internal-stream-gen -canonicalize-gep -globaldce -dce -gvn -deadargelim -mergereturn -indvars -loop-simplify -instcombine -array-stream -array-seg-normalize -array-partition -func-legal -instcombine -simplifycfg -dce -bundle-memfifo-ops -deadargelim -directive-preproc -mem2reg -dse -dce -group-axi-access -licm -simplifycfg -dce -loop-delete -hls-display -norm-name /home/sai.divya/pkt_clone/AI_Engine_Development/Feature_Tutorials/04-packet-switching/pktstream_aie/pl_kernels/_x/s2mm/s2mm/s2mm/solution/.autopilot/db/a.o.1.bc -o /home/sai.divya/pkt_clone/AI_Engine_Development/Feature_Tutorials/04-packet-switching/pktstream_aie/pl_kernels/_x/s2mm/s2mm/s2mm/solution/.autopilot/db/a.o.1.tmp.bc -f 
INFO-FLOW: Presyn 2...
Execute           transform -hls -keep-callgraph -scalarrepl -mem2reg -port-alignment -attach-range -dce -pipe-mux-gen -indvars -loop-bound -inst-simplify -instcombine -dce -merge-array-access -mem2reg -dce -clean-region -mergereturn -if-conv -instcombine -dce -constprop -basicaa -aggr-aa -aggrmodref-aa -aggr-aa -gvn -gvn -basicaa -aggr-aa -aggrmodref-aa -aggr-aa -dse -adse -adce -scalarrepl -mem2reg -global-constprop -deadargelim -deadargelim -instcombine -dce -simplifycfg -ptrArgReplace -mem2reg -function-inline -globaldce -mem2reg -instcombine -dce -expr-balance -instcombine -dce -bitwidthmin2 -bitwidthmin2 -interface-preproc -directive-preproc -inst-rectify -instcombine -dce -functionattrs -constprop -instcombine -bit-constprop -simplify-global-access -globalopt -globaldce -inst-simplify -instcombine -elimdeaddata -dce -loop-delete -simplifycfg -loop-simplify -barrier -norm-name /home/sai.divya/pkt_clone/AI_Engine_Development/Feature_Tutorials/04-packet-switching/pktstream_aie/pl_kernels/_x/s2mm/s2mm/s2mm/solution/.autopilot/db/a.o.1.tmp.bc -o /home/sai.divya/pkt_clone/AI_Engine_Development/Feature_Tutorials/04-packet-switching/pktstream_aie/pl_kernels/_x/s2mm/s2mm/s2mm/solution/.autopilot/db/a.o.2.bc -f -phase presyn 
INFO: [HLS 200-111] Finished Loop, function and other optimizations: CPU user time: 0.12 seconds. CPU system time: 0.02 seconds. Elapsed time: 0.16 seconds; current allocated memory: 800.828 MB.
INFO-FLOW: Building ssdm...
Execute           transform -hls -auto-function-inline -globaldce -ptrArgReplace -mem2reg -dce -reset-lda -loop-simplify -indvars -aggr-aa -licm -loop-dep -loop-bound -licm -loop-simplify -loop-sink-hoist -flattenloopnest -array-flatten -gvn -instcombine -dce -array-map -dce -func-legal -gvn -adce -instcombine -cfgopt -simplifycfg -loop-simplify -array-burst -promote-global-argument -dce -array-seg-normalize -basicaa -aggrmodref-aa -globalsmodref-aa -aggr-aa -gvn -gvn -basicaa -aggrmodref-aa -globalsmodref-aa -aggr-aa -dse -adse -adce -licm -inst-simplify -dce -globaldce -instcombine -array-stream -eliminate-keepreads -instcombine -dce -deadargelim -doublePtrSimplify -doublePtrElim -dce -doublePtrSimplify -promote-dbg-pointer -dce -scalarrepl -mem2reg -norm-name -mem2reg -instcombine -dse -adse -adce -ptrLegalization -dce -auto-rom-infer -array-flatten -dce -instcombine -check-doubleptr -loop-rot -constprop -cfgopt -simplifycfg -loop-simplify -indvars -pointer-simplify -dce -loop-bound -loop-simplify -loop-preproc -constprop -global-constprop -gvn -mem2reg -instcombine -dce -loop-bound -loop-merge -dce -deadargelim -dce -canonicalize-dataflow -dce -deadargelim -globaldce -mem2reg -bram-byte-enable -load-elim -read-loop-dep -loop-simplify -loop-extract-inner -directive-preproc -bitwidthmin2 -bitwidthmin2 -read-loop-dep -interface-preproc -directive-preproc -interface-gen -bram-byte-enable-spec-prop -deadargelim -inst-simplify -dce -gvn -mem2reg -instcombine -dce -adse -loop-bound -instcombine -cfgopt -simplifycfg -loop-simplify -clean-region -io-protocol -find-region -mem2reg -bitop-raise -complex-op-raise -inst-simplify -inst-rectify -instcombine -adce -deadargelim -float-op-raise -loop-simplify -phi-opt -bitop-raise -cfgopt -simplifycfg -strip-dead-prototypes -interface-lower -bitop-lower -intrinsic-lower -auto-function-inline -basicaa -aggrmodref-aa -globalsmodref-aa -aggr-aa -inst-simplify -simplifycfg -loop-simplify -mergereturn -inst-simplify -inst-rectify -dce -load-elim -bitop-lower -float-op-raise -fma-raise -loop-rewind -pointer-simplify -dce -cfgopt -dce -loop-bound -loop-dep -read-loop-dep -dce -dyn-mem-reuse -dce -recurrence-min -dce -share-scalar-alloca -deadargelim -dce -check-stream -norm-name -legalize -validate-dataflow -inst-clarity -bitwidth -dump-loop-dep-to-ir -check-all-ssdm -cdfg-build /home/sai.divya/pkt_clone/AI_Engine_Development/Feature_Tutorials/04-packet-switching/pktstream_aie/pl_kernels/_x/s2mm/s2mm/s2mm/solution/.autopilot/db/a.o.2.bc -o /home/sai.divya/pkt_clone/AI_Engine_Development/Feature_Tutorials/04-packet-switching/pktstream_aie/pl_kernels/_x/s2mm/s2mm/s2mm/solution/.autopilot/db/a.o.3.bc -f -phase build-ssdm 
INFO: [HLS 200-111] Finished Architecture Synthesis: CPU user time: 0.07 seconds. CPU system time: 0.01 seconds. Elapsed time: 0.08 seconds; current allocated memory: 809.961 MB.
INFO-FLOW: Finish building internal data model.
Command         opt_and_import_c done; 0.57 sec.
Command       elaborate done; 14.95 sec.
Execute       ap_eval exec zip -j /home/sai.divya/pkt_clone/AI_Engine_Development/Feature_Tutorials/04-packet-switching/pktstream_aie/pl_kernels/_x/s2mm/s2mm/s2mm/solution/.autopilot/db/dut.hcp $dbDir/a.o.3.bc $dbDir/${topname}.rtl_wrap.cfg.tcl $dbDir/apatb_${topname}.cpp $dbDir/apatb_${topname}_util.cpp $dbDir/apatb_${topname}_ir.ll $dbDir/mapper_${topname}.cpp $dbDir/top-io-fe.xml $dbDir/kernel.internal.xml $workdir/../hls.app 
Execute       autosyn -from_csynth_design=1 
INFO: [HLS 200-10] Starting hardware synthesis ...
INFO-FLOW: Synthesizing C/C++ design ...
INFO: [HLS 200-10] Synthesizing 's2mm' ...
Execute         ap_set_top_model s2mm 
Execute         get_model_list s2mm -filter all-wo-channel -topdown 
Execute         preproc_iomode -model s2mm 
Execute         preproc_iomode -model s2mm_Pipeline_VITIS_LOOP_29_1 
Execute         get_model_list s2mm -filter all-wo-channel 
INFO-FLOW: Model list for configure: s2mm_Pipeline_VITIS_LOOP_29_1 s2mm
INFO-FLOW: Configuring Module : s2mm_Pipeline_VITIS_LOOP_29_1 ...
Execute         set_default_model s2mm_Pipeline_VITIS_LOOP_29_1 
Execute         apply_spec_resource_limit s2mm_Pipeline_VITIS_LOOP_29_1 
INFO-FLOW: Configuring Module : s2mm ...
Execute         set_default_model s2mm 
Execute         apply_spec_resource_limit s2mm 
INFO-FLOW: Model list for preprocess: s2mm_Pipeline_VITIS_LOOP_29_1 s2mm
INFO-FLOW: Preprocessing Module: s2mm_Pipeline_VITIS_LOOP_29_1 ...
Execute         set_default_model s2mm_Pipeline_VITIS_LOOP_29_1 
Execute         cdfg_preprocess -model s2mm_Pipeline_VITIS_LOOP_29_1 
Execute         rtl_gen_preprocess s2mm_Pipeline_VITIS_LOOP_29_1 
INFO-FLOW: Preprocessing Module: s2mm ...
Execute         set_default_model s2mm 
Execute         cdfg_preprocess -model s2mm 
Execute         rtl_gen_preprocess s2mm 
INFO-FLOW: Model list for synthesis: s2mm_Pipeline_VITIS_LOOP_29_1 s2mm
INFO: [HLS 200-10] ----------------------------------------------------------------
INFO: [HLS 200-42] -- Implementing module 's2mm_Pipeline_VITIS_LOOP_29_1' 
INFO: [HLS 200-10] ----------------------------------------------------------------
Execute         set_default_model s2mm_Pipeline_VITIS_LOOP_29_1 
Execute         schedule -model s2mm_Pipeline_VITIS_LOOP_29_1 
INFO: [SCHED 204-11] Starting scheduling ...
INFO: [SCHED 204-61] Pipelining loop 'VITIS_LOOP_29_1'.
INFO: [HLS 200-1470] Pipelining result : Target II = 1, Final II = 1, Depth = 2, loop 'VITIS_LOOP_29_1'
INFO: [SCHED 204-11] Finished scheduling.
INFO: [HLS 200-111] Finished Scheduling: CPU user time: 0.08 seconds. CPU system time: 0.05 seconds. Elapsed time: 0.17 seconds; current allocated memory: 809.961 MB.
Execute         syn_report -verbosereport -o /home/sai.divya/pkt_clone/AI_Engine_Development/Feature_Tutorials/04-packet-switching/pktstream_aie/pl_kernels/_x/s2mm/s2mm/s2mm/solution/.autopilot/db/s2mm_Pipeline_VITIS_LOOP_29_1.verbose.sched.rpt 
Execute           AP::get_flow_target_display_name
Execute         db_write -o /home/sai.divya/pkt_clone/AI_Engine_Development/Feature_Tutorials/04-packet-switching/pktstream_aie/pl_kernels/_x/s2mm/s2mm/s2mm/solution/.autopilot/db/s2mm_Pipeline_VITIS_LOOP_29_1.sched.adb -f 
INFO-FLOW: Finish scheduling s2mm_Pipeline_VITIS_LOOP_29_1.
Execute         set_default_model s2mm_Pipeline_VITIS_LOOP_29_1 
Execute         bind -model s2mm_Pipeline_VITIS_LOOP_29_1 
INFO: [BIND 205-100] Starting micro-architecture generation ...
INFO: [BIND 205-101] Performing variable lifetime analysis.
INFO: [BIND 205-101] Exploring resource sharing.
INFO: [BIND 205-101] Binding ...
INFO: [BIND 205-100] Finished micro-architecture generation.
INFO: [HLS 200-111] Finished Binding: CPU user time: 0.02 seconds. CPU system time: 0.01 seconds. Elapsed time: 0.06 seconds; current allocated memory: 809.961 MB.
Execute         syn_report -verbosereport -o /home/sai.divya/pkt_clone/AI_Engine_Development/Feature_Tutorials/04-packet-switching/pktstream_aie/pl_kernels/_x/s2mm/s2mm/s2mm/solution/.autopilot/db/s2mm_Pipeline_VITIS_LOOP_29_1.verbose.bind.rpt 
Execute           AP::get_flow_target_display_name
Execute         db_write -o /home/sai.divya/pkt_clone/AI_Engine_Development/Feature_Tutorials/04-packet-switching/pktstream_aie/pl_kernels/_x/s2mm/s2mm/s2mm/solution/.autopilot/db/s2mm_Pipeline_VITIS_LOOP_29_1.bind.adb -f 
INFO-FLOW: Finish binding s2mm_Pipeline_VITIS_LOOP_29_1.
INFO: [HLS 200-10] ----------------------------------------------------------------
INFO: [HLS 200-42] -- Implementing module 's2mm' 
INFO: [HLS 200-10] ----------------------------------------------------------------
Execute         set_default_model s2mm 
Execute         schedule -model s2mm 
INFO: [SCHED 204-11] Starting scheduling ...
INFO: [SCHED 204-11] Finished scheduling.
Command         schedule done; 0.23 sec.
INFO: [HLS 200-111] Finished Scheduling: CPU user time: 0.24 seconds. CPU system time: 0 seconds. Elapsed time: 0.25 seconds; current allocated memory: 809.961 MB.
Execute         syn_report -verbosereport -o /home/sai.divya/pkt_clone/AI_Engine_Development/Feature_Tutorials/04-packet-switching/pktstream_aie/pl_kernels/_x/s2mm/s2mm/s2mm/solution/.autopilot/db/s2mm.verbose.sched.rpt 
Execute           AP::get_flow_target_display_name
Command         syn_report done; 0.28 sec.
Execute         db_write -o /home/sai.divya/pkt_clone/AI_Engine_Development/Feature_Tutorials/04-packet-switching/pktstream_aie/pl_kernels/_x/s2mm/s2mm/s2mm/solution/.autopilot/db/s2mm.sched.adb -f 
INFO-FLOW: Finish scheduling s2mm.
Execute         set_default_model s2mm 
Execute         bind -model s2mm 
INFO: [BIND 205-100] Starting micro-architecture generation ...
INFO: [BIND 205-101] Performing variable lifetime analysis.
INFO: [BIND 205-101] Exploring resource sharing.
INFO: [BIND 205-101] Binding ...
INFO: [BIND 205-100] Finished micro-architecture generation.
Command         bind done; 0.2 sec.
INFO: [HLS 200-111] Finished Binding: CPU user time: 0.47 seconds. CPU system time: 0 seconds. Elapsed time: 0.48 seconds; current allocated memory: 809.961 MB.
Execute         syn_report -verbosereport -o /home/sai.divya/pkt_clone/AI_Engine_Development/Feature_Tutorials/04-packet-switching/pktstream_aie/pl_kernels/_x/s2mm/s2mm/s2mm/solution/.autopilot/db/s2mm.verbose.bind.rpt 
Execute           AP::get_flow_target_display_name
Execute         db_write -o /home/sai.divya/pkt_clone/AI_Engine_Development/Feature_Tutorials/04-packet-switching/pktstream_aie/pl_kernels/_x/s2mm/s2mm/s2mm/solution/.autopilot/db/s2mm.bind.adb -f 
INFO-FLOW: Finish binding s2mm.
Execute         get_model_list s2mm -filter all-wo-channel 
INFO-FLOW: Preprocessing for RTLGen ...
Execute         rtl_gen_preprocess s2mm_Pipeline_VITIS_LOOP_29_1 
Execute         rtl_gen_preprocess s2mm 
INFO-FLOW: Model list for RTL generation: s2mm_Pipeline_VITIS_LOOP_29_1 s2mm
INFO: [HLS 200-10] ----------------------------------------------------------------
INFO: [HLS 200-10] -- Generating RTL for module 's2mm_Pipeline_VITIS_LOOP_29_1' 
INFO: [HLS 200-10] ----------------------------------------------------------------
Execute         create_rtl_model s2mm_Pipeline_VITIS_LOOP_29_1 -top_prefix s2mm_ -sub_prefix s2mm_ -mg_file /home/sai.divya/pkt_clone/AI_Engine_Development/Feature_Tutorials/04-packet-switching/pktstream_aie/pl_kernels/_x/s2mm/s2mm/s2mm/solution/.autopilot/db/s2mm_Pipeline_VITIS_LOOP_29_1.compgen.tcl 
INFO: [HLS 200-1030] Apply Unified Pipeline Control on module 's2mm_Pipeline_VITIS_LOOP_29_1' pipeline 'VITIS_LOOP_29_1' pipeline type 'loop pipeline'
WARNING: [RTGEN 206-101] Setting dangling out port 's2mm_Pipeline_VITIS_LOOP_29_1/m_axi_gmem_AWVALID' to 0.
WARNING: [RTGEN 206-101] Setting dangling out port 's2mm_Pipeline_VITIS_LOOP_29_1/m_axi_gmem_AWADDR' to 0.
WARNING: [RTGEN 206-101] Setting dangling out port 's2mm_Pipeline_VITIS_LOOP_29_1/m_axi_gmem_AWID' to 0.
WARNING: [RTGEN 206-101] Setting dangling out port 's2mm_Pipeline_VITIS_LOOP_29_1/m_axi_gmem_AWLEN' to 0.
WARNING: [RTGEN 206-101] Setting dangling out port 's2mm_Pipeline_VITIS_LOOP_29_1/m_axi_gmem_AWSIZE' to 0.
WARNING: [RTGEN 206-101] Setting dangling out port 's2mm_Pipeline_VITIS_LOOP_29_1/m_axi_gmem_AWBURST' to 0.
WARNING: [RTGEN 206-101] Setting dangling out port 's2mm_Pipeline_VITIS_LOOP_29_1/m_axi_gmem_AWLOCK' to 0.
WARNING: [RTGEN 206-101] Setting dangling out port 's2mm_Pipeline_VITIS_LOOP_29_1/m_axi_gmem_AWCACHE' to 0.
WARNING: [RTGEN 206-101] Setting dangling out port 's2mm_Pipeline_VITIS_LOOP_29_1/m_axi_gmem_AWPROT' to 0.
WARNING: [RTGEN 206-101] Setting dangling out port 's2mm_Pipeline_VITIS_LOOP_29_1/m_axi_gmem_AWQOS' to 0.
WARNING: [RTGEN 206-101] Setting dangling out port 's2mm_Pipeline_VITIS_LOOP_29_1/m_axi_gmem_AWREGION' to 0.
WARNING: [RTGEN 206-101] Setting dangling out port 's2mm_Pipeline_VITIS_LOOP_29_1/m_axi_gmem_AWUSER' to 0.
WARNING: [RTGEN 206-101] Setting dangling out port 's2mm_Pipeline_VITIS_LOOP_29_1/m_axi_gmem_BREADY' to 0.
INFO: [RTGEN 206-100] Finished creating RTL model for 's2mm_Pipeline_VITIS_LOOP_29_1'.
INFO: [HLS 200-111] Finished Creating RTL model: CPU user time: 0.13 seconds. CPU system time: 0 seconds. Elapsed time: 0.16 seconds; current allocated memory: 809.961 MB.
Execute         source /home/sai.divya/pkt_clone/AI_Engine_Development/Feature_Tutorials/04-packet-switching/pktstream_aie/pl_kernels/_x/s2mm/s2mm/s2mm/solution/.autopilot/db/s2mm.rtl_wrap.cfg.tcl 
Execute         gen_rtl s2mm_Pipeline_VITIS_LOOP_29_1 -style xilinx -f -lang vhdl -o /home/sai.divya/pkt_clone/AI_Engine_Development/Feature_Tutorials/04-packet-switching/pktstream_aie/pl_kernels/_x/s2mm/s2mm/s2mm/solution/syn/vhdl/s2mm_s2mm_Pipeline_VITIS_LOOP_29_1 
Execute         gen_rtl s2mm_Pipeline_VITIS_LOOP_29_1 -style xilinx -f -lang vlog -o /home/sai.divya/pkt_clone/AI_Engine_Development/Feature_Tutorials/04-packet-switching/pktstream_aie/pl_kernels/_x/s2mm/s2mm/s2mm/solution/syn/verilog/s2mm_s2mm_Pipeline_VITIS_LOOP_29_1 
Execute         syn_report -csynth -model s2mm_Pipeline_VITIS_LOOP_29_1 -o /home/sai.divya/pkt_clone/AI_Engine_Development/Feature_Tutorials/04-packet-switching/pktstream_aie/pl_kernels/_x/s2mm/s2mm/s2mm/solution/syn/report/s2mm_Pipeline_VITIS_LOOP_29_1_csynth.rpt 
Execute           AP::get_flow_target_display_name
Execute         syn_report -rtlxml -model s2mm_Pipeline_VITIS_LOOP_29_1 -o /home/sai.divya/pkt_clone/AI_Engine_Development/Feature_Tutorials/04-packet-switching/pktstream_aie/pl_kernels/_x/s2mm/s2mm/s2mm/solution/syn/report/s2mm_Pipeline_VITIS_LOOP_29_1_csynth.xml 
Execute         syn_report -verbosereport -model s2mm_Pipeline_VITIS_LOOP_29_1 -o /home/sai.divya/pkt_clone/AI_Engine_Development/Feature_Tutorials/04-packet-switching/pktstream_aie/pl_kernels/_x/s2mm/s2mm/s2mm/solution/.autopilot/db/s2mm_Pipeline_VITIS_LOOP_29_1.verbose.rpt 
Execute           AP::get_flow_target_display_name
Execute         db_write -model s2mm_Pipeline_VITIS_LOOP_29_1 -f -o /home/sai.divya/pkt_clone/AI_Engine_Development/Feature_Tutorials/04-packet-switching/pktstream_aie/pl_kernels/_x/s2mm/s2mm/s2mm/solution/.autopilot/db/s2mm_Pipeline_VITIS_LOOP_29_1.adb 
Execute         db_write -model s2mm_Pipeline_VITIS_LOOP_29_1 -bindview -o /home/sai.divya/pkt_clone/AI_Engine_Development/Feature_Tutorials/04-packet-switching/pktstream_aie/pl_kernels/_x/s2mm/s2mm/s2mm/solution/.autopilot/db/design.bindinfo.xml 
Execute         gen_tb_info s2mm_Pipeline_VITIS_LOOP_29_1 -p /home/sai.divya/pkt_clone/AI_Engine_Development/Feature_Tutorials/04-packet-switching/pktstream_aie/pl_kernels/_x/s2mm/s2mm/s2mm/solution/.autopilot/db -o /home/sai.divya/pkt_clone/AI_Engine_Development/Feature_Tutorials/04-packet-switching/pktstream_aie/pl_kernels/_x/s2mm/s2mm/s2mm/solution/.autopilot/db/s2mm_Pipeline_VITIS_LOOP_29_1 
INFO: [HLS 200-10] ----------------------------------------------------------------
INFO: [HLS 200-10] -- Generating RTL for module 's2mm' 
INFO: [HLS 200-10] ----------------------------------------------------------------
Execute         create_rtl_model s2mm -top_prefix  -sub_prefix s2mm_ -mg_file /home/sai.divya/pkt_clone/AI_Engine_Development/Feature_Tutorials/04-packet-switching/pktstream_aie/pl_kernels/_x/s2mm/s2mm/s2mm/solution/.autopilot/db/s2mm.compgen.tcl 
WARNING: [RTGEN 206-101] Design contains AXI ports. Reset is fixed to synchronous and active low.
INFO: [RTGEN 206-500] Setting interface mode on port 's2mm/gmem' to 'm_axi'.
INFO: [RTGEN 206-500] Setting interface mode on port 's2mm/mem' to 's_axilite & ap_none'.
INFO: [RTGEN 206-500] Setting interface mode on port 's2mm/s_V_data_V' to 'axis' (register, both mode).
INFO: [RTGEN 206-500] Setting interface mode on port 's2mm/s_V_keep_V' to 'axis' (register, both mode).
INFO: [RTGEN 206-500] Setting interface mode on port 's2mm/s_V_strb_V' to 'axis' (register, both mode).
INFO: [RTGEN 206-500] Setting interface mode on port 's2mm/s_V_last_V' to 'axis' (register, both mode).
INFO: [RTGEN 206-500] Setting interface mode on port 's2mm/size' to 's_axilite & ap_none'.
INFO: [RTGEN 206-500] Setting interface mode on function 's2mm' to 's_axilite & ap_ctrl_chain'.
INFO: [RTGEN 206-100] Bundling port 'mem', 'size' to AXI-Lite port control.
INFO: [RTGEN 206-100] Finished creating RTL model for 's2mm'.
INFO: [HLS 200-111] Finished Creating RTL model: CPU user time: 0.16 seconds. CPU system time: 0.02 seconds. Elapsed time: 0.25 seconds; current allocated memory: 809.961 MB.
Execute         source /home/sai.divya/pkt_clone/AI_Engine_Development/Feature_Tutorials/04-packet-switching/pktstream_aie/pl_kernels/_x/s2mm/s2mm/s2mm/solution/.autopilot/db/s2mm.rtl_wrap.cfg.tcl 
Execute         gen_rtl s2mm -istop -style xilinx -f -lang vhdl -o /home/sai.divya/pkt_clone/AI_Engine_Development/Feature_Tutorials/04-packet-switching/pktstream_aie/pl_kernels/_x/s2mm/s2mm/s2mm/solution/syn/vhdl/s2mm 
Execute         gen_rtl s2mm -istop -style xilinx -f -lang vlog -o /home/sai.divya/pkt_clone/AI_Engine_Development/Feature_Tutorials/04-packet-switching/pktstream_aie/pl_kernels/_x/s2mm/s2mm/s2mm/solution/syn/verilog/s2mm 
Execute         syn_report -csynth -model s2mm -o /home/sai.divya/pkt_clone/AI_Engine_Development/Feature_Tutorials/04-packet-switching/pktstream_aie/pl_kernels/_x/s2mm/s2mm/s2mm/solution/syn/report/s2mm_csynth.rpt 
Execute           AP::get_flow_target_display_name
Execute         syn_report -rtlxml -model s2mm -o /home/sai.divya/pkt_clone/AI_Engine_Development/Feature_Tutorials/04-packet-switching/pktstream_aie/pl_kernels/_x/s2mm/s2mm/s2mm/solution/syn/report/s2mm_csynth.xml 
Execute         syn_report -verbosereport -model s2mm -o /home/sai.divya/pkt_clone/AI_Engine_Development/Feature_Tutorials/04-packet-switching/pktstream_aie/pl_kernels/_x/s2mm/s2mm/s2mm/solution/.autopilot/db/s2mm.verbose.rpt 
Execute           AP::get_flow_target_display_name
Command         syn_report done; 0.11 sec.
Execute         db_write -model s2mm -f -o /home/sai.divya/pkt_clone/AI_Engine_Development/Feature_Tutorials/04-packet-switching/pktstream_aie/pl_kernels/_x/s2mm/s2mm/s2mm/solution/.autopilot/db/s2mm.adb 
Execute         db_write -model s2mm -bindview -o /home/sai.divya/pkt_clone/AI_Engine_Development/Feature_Tutorials/04-packet-switching/pktstream_aie/pl_kernels/_x/s2mm/s2mm/s2mm/solution/.autopilot/db/design.bindinfo.xml 
Execute         gen_tb_info s2mm -p /home/sai.divya/pkt_clone/AI_Engine_Development/Feature_Tutorials/04-packet-switching/pktstream_aie/pl_kernels/_x/s2mm/s2mm/s2mm/solution/.autopilot/db -o /home/sai.divya/pkt_clone/AI_Engine_Development/Feature_Tutorials/04-packet-switching/pktstream_aie/pl_kernels/_x/s2mm/s2mm/s2mm/solution/.autopilot/db/s2mm 
Execute         export_constraint_db -f -tool general -o /home/sai.divya/pkt_clone/AI_Engine_Development/Feature_Tutorials/04-packet-switching/pktstream_aie/pl_kernels/_x/s2mm/s2mm/s2mm/solution/.autopilot/db/s2mm.constraint.tcl 
Execute         syn_report -designview -model s2mm -o /home/sai.divya/pkt_clone/AI_Engine_Development/Feature_Tutorials/04-packet-switching/pktstream_aie/pl_kernels/_x/s2mm/s2mm/s2mm/solution/.autopilot/db/s2mm.design.xml 
Execute         syn_report -csynthDesign -model s2mm -o /home/sai.divya/pkt_clone/AI_Engine_Development/Feature_Tutorials/04-packet-switching/pktstream_aie/pl_kernels/_x/s2mm/s2mm/s2mm/solution/syn/report/csynth.rpt 
Execute           AP::get_flow_target_display_name
Execute         syn_report -wcfg -model s2mm -o /home/sai.divya/pkt_clone/AI_Engine_Development/Feature_Tutorials/04-packet-switching/pktstream_aie/pl_kernels/_x/s2mm/s2mm/s2mm/solution/.autopilot/db/s2mm_dataflow_ana.wcfg 
Execute         syn_report -protoinst -model s2mm -o /home/sai.divya/pkt_clone/AI_Engine_Development/Feature_Tutorials/04-packet-switching/pktstream_aie/pl_kernels/_x/s2mm/s2mm/s2mm/solution/.autopilot/db/s2mm.protoinst 
Execute         sc_get_clocks s2mm 
Execute         sc_get_portdomain s2mm 
INFO-FLOW: Model list for RTL component generation: s2mm_Pipeline_VITIS_LOOP_29_1 s2mm
INFO-FLOW: Handling components in module [s2mm_Pipeline_VITIS_LOOP_29_1] ... 
Execute         source /home/sai.divya/pkt_clone/AI_Engine_Development/Feature_Tutorials/04-packet-switching/pktstream_aie/pl_kernels/_x/s2mm/s2mm/s2mm/solution/.autopilot/db/s2mm_Pipeline_VITIS_LOOP_29_1.compgen.tcl 
INFO-FLOW: Found component s2mm_flow_control_loop_pipe_sequential_init.
INFO-FLOW: Append model s2mm_flow_control_loop_pipe_sequential_init
INFO-FLOW: Handling components in module [s2mm] ... 
Execute         source /home/sai.divya/pkt_clone/AI_Engine_Development/Feature_Tutorials/04-packet-switching/pktstream_aie/pl_kernels/_x/s2mm/s2mm/s2mm/solution/.autopilot/db/s2mm.compgen.tcl 
INFO-FLOW: Found component s2mm_gmem_m_axi.
INFO-FLOW: Append model s2mm_gmem_m_axi
INFO-FLOW: Found component s2mm_control_s_axi.
INFO-FLOW: Append model s2mm_control_s_axi
INFO-FLOW: Found component s2mm_regslice_both.
INFO-FLOW: Append model s2mm_regslice_both
INFO-FLOW: Found component s2mm_regslice_both.
INFO-FLOW: Append model s2mm_regslice_both
INFO-FLOW: Found component s2mm_regslice_both.
INFO-FLOW: Append model s2mm_regslice_both
INFO-FLOW: Found component s2mm_regslice_both.
INFO-FLOW: Append model s2mm_regslice_both
INFO-FLOW: Append model s2mm_Pipeline_VITIS_LOOP_29_1
INFO-FLOW: Append model s2mm
INFO-FLOW: Generating RTL model list ...
INFO-FLOW: All models in this session: s2mm_flow_control_loop_pipe_sequential_init s2mm_gmem_m_axi s2mm_control_s_axi s2mm_regslice_both s2mm_regslice_both s2mm_regslice_both s2mm_regslice_both s2mm_Pipeline_VITIS_LOOP_29_1 s2mm
INFO-FLOW: Generating /home/sai.divya/pkt_clone/AI_Engine_Development/Feature_Tutorials/04-packet-switching/pktstream_aie/pl_kernels/_x/s2mm/s2mm/s2mm/solution/.autopilot/db/autopilot.rtl.models.txt file...
INFO-FLOW: To file: write model s2mm_flow_control_loop_pipe_sequential_init
INFO-FLOW: To file: write model s2mm_gmem_m_axi
INFO-FLOW: To file: write model s2mm_control_s_axi
INFO-FLOW: To file: write model s2mm_regslice_both
INFO-FLOW: To file: write model s2mm_regslice_both
INFO-FLOW: To file: write model s2mm_regslice_both
INFO-FLOW: To file: write model s2mm_regslice_both
INFO-FLOW: To file: write model s2mm_Pipeline_VITIS_LOOP_29_1
INFO-FLOW: To file: write model s2mm
INFO-FLOW: Generating /home/sai.divya/pkt_clone/AI_Engine_Development/Feature_Tutorials/04-packet-switching/pktstream_aie/pl_kernels/_x/s2mm/s2mm/s2mm/solution/.autopilot/db/autopilot.rtl.models.tcl file...
INFO-FLOW: Finished generating RTL model list.


INFO-FLOW: RTL Generation done.
INFO-FLOW: CAS Generation done.
INFO-FLOW: CBC Generation done.
INFO-FLOW: DBG:PROC: ::AESL_AUTOMG::auto_generate_csynth_design
INFO-FLOW: DBG:PUTS: read_platform_lib /home/sai.divya/pkt_clone/AI_Engine_Development/Feature_Tutorials/04-packet-switching/pktstream_aie/pl_kernels/_x/s2mm/s2mm/s2mm/solution/.autopilot/db/global.setting.tcl
Execute         source /home/Xilinx/Vitis_2022_2/Vitis_HLS/2022.2/common/technology/generic/autopilot/common.gen 
Execute           source /home/Xilinx/Vitis_2022_2/Vitis_HLS/2022.2/common/technology/generic/autopilot/APCoreGen.gen 
Execute         source /home/Xilinx/Vitis_2022_2/Vitis_HLS/2022.2/common/technology/generic/autopilot/op.gen 
Execute         source /home/Xilinx/Vitis_2022_2/Vitis_HLS/2022.2/common/technology/generic/autopilot/op_simcore.gen 
Execute         source /home/Xilinx/Vitis_2022_2/Vitis_HLS/2022.2/common/technology/generic/autopilot/interface.gen 
Execute         source /home/sai.divya/pkt_clone/AI_Engine_Development/Feature_Tutorials/04-packet-switching/pktstream_aie/pl_kernels/_x/s2mm/s2mm/s2mm/solution/.autopilot/db/global.setting.tcl 
Execute         ap_family_info -name versalprimees1 -data parts 
Execute         source /home/Xilinx/Vitis_2022_2/Vitis_HLS/2022.2/common/technology/xilinx/common/xilinx.gen 
Execute           source /home/Xilinx/Vitis_2022_2/Vitis_HLS/2022.2/common/technology/xilinx/interface/plb46.gen 
Execute           source /home/Xilinx/Vitis_2022_2/Vitis_HLS/2022.2/common/technology/xilinx/interface/axi4.gen 
Execute           source /home/Xilinx/Vitis_2022_2/Vitis_HLS/2022.2/common/technology/xilinx/interface/nativeAXI4.gen 
Execute             source /home/Xilinx/Vitis_2022_2/Vitis_HLS/2022.2/common/technology/xilinx/interface/saxilite.gen 
Execute           source /home/Xilinx/Vitis_2022_2/Vitis_HLS/2022.2/common/technology/xilinx/scripts/xilinxcoregen.gen 
Execute           source /home/Xilinx/Vitis_2022_2/Vitis_HLS/2022.2/common/technology/xilinx/interface/XilEDKCoreGen.gen 
Execute           source /home/Xilinx/Vitis_2022_2/Vitis_HLS/2022.2/common/technology/xilinx/ip/xfir.gen 
Execute           source /home/Xilinx/Vitis_2022_2/Vitis_HLS/2022.2/common/technology/xilinx/ip/dds_compiler.gen 
Execute           source /home/Xilinx/Vitis_2022_2/Vitis_HLS/2022.2/common/technology/xilinx/ip/xfft.gen 
Execute           source /home/Xilinx/Vitis_2022_2/Vitis_HLS/2022.2/common/technology/xilinx/ip/util.gen 
Execute           source /home/Xilinx/Vitis_2022_2/Vitis_HLS/2022.2/common/technology/xilinx/DSP48/dsp48.gen 
Command         ap_source done; 0.11 sec.
INFO-FLOW: DBG:PUTS:   using AESL_AUTOCG::g_clock_period=4.000 (was NA)
INFO-FLOW: DBG:PROC: ::AESL_AUTOMG::generate_ip_cores gen_sim_model='1' gen_fp_models='0' gen_for_export='0' dstSCDir='' dstVhdlDir='/home/sai.divya/pkt_clone/AI_Engine_Development/Feature_Tutorials/04-packet-switching/pktstream_aie/pl_kernels/_x/s2mm/s2mm/s2mm/solution/.autopilot/db/vhdl' dstVlogDir='/home/sai.divya/pkt_clone/AI_Engine_Development/Feature_Tutorials/04-packet-switching/pktstream_aie/pl_kernels/_x/s2mm/s2mm/s2mm/solution/.autopilot/db/vlog' tclDir='/home/sai.divya/pkt_clone/AI_Engine_Development/Feature_Tutorials/04-packet-switching/pktstream_aie/pl_kernels/_x/s2mm/s2mm/s2mm/solution/.autopilot/db' modelList='s2mm_flow_control_loop_pipe_sequential_init
s2mm_gmem_m_axi
s2mm_control_s_axi
s2mm_regslice_both
s2mm_regslice_both
s2mm_regslice_both
s2mm_regslice_both
s2mm_Pipeline_VITIS_LOOP_29_1
s2mm
' expOnly='0'
Execute         source /home/sai.divya/pkt_clone/AI_Engine_Development/Feature_Tutorials/04-packet-switching/pktstream_aie/pl_kernels/_x/s2mm/s2mm/s2mm/solution/.autopilot/db/global.setting.tcl 
Execute         ap_part_info -name xcvc1902-vsvd1760-2MP-e-S -data names -quiet 
Execute         ap_part_info -name xcvc1902-vsvd1760-2MP-e-S -data info -quiet 
Execute         source /home/sai.divya/pkt_clone/AI_Engine_Development/Feature_Tutorials/04-packet-switching/pktstream_aie/pl_kernels/_x/s2mm/s2mm/s2mm/solution/.autopilot/db/global.setting.tcl 
Execute         source /home/sai.divya/pkt_clone/AI_Engine_Development/Feature_Tutorials/04-packet-switching/pktstream_aie/pl_kernels/_x/s2mm/s2mm/s2mm/solution/.autopilot/db/global.setting.tcl 
Execute         source /home/sai.divya/pkt_clone/AI_Engine_Development/Feature_Tutorials/04-packet-switching/pktstream_aie/pl_kernels/_x/s2mm/s2mm/s2mm/solution/.autopilot/db/s2mm_Pipeline_VITIS_LOOP_29_1.compgen.tcl 
Execute         source /home/sai.divya/pkt_clone/AI_Engine_Development/Feature_Tutorials/04-packet-switching/pktstream_aie/pl_kernels/_x/s2mm/s2mm/s2mm/solution/.autopilot/db/s2mm.compgen.tcl 
Execute           source ./control.slave.tcl 
INFO: [HLS 200-111] Finished Generating all RTL models: CPU user time: 0.53 seconds. CPU system time: 0.05 seconds. Elapsed time: 0.71 seconds; current allocated memory: 810.961 MB.
INFO-FLOW: DBG:PROC: ::HLSREPORTS::create_csynth_xml bind_info_var='bind_info' RtlSubPrefix='s2mm_' outfile=''
INFO-FLOW: Running: create_csynth_xml read xml data
INFO-FLOW: Done: create_csynth_xml read xml data time: 0 seconds per iteration
INFO-FLOW: Running: create_csynth_xml bind info
INFO-FLOW: No bind nodes found for module_name s2mm
INFO-FLOW: Done: create_csynth_xml bind info time: 0 seconds per iteration
INFO-FLOW: Running: create_csynth_xml config info
INFO-FLOW: Done: create_csynth_xml config info time: 0.1 seconds per iteration
INFO-FLOW: Running: create_csynth_xml write xml
INFO-FLOW: Done: create_csynth_xml write xml time: 0 seconds per iteration
INFO-FLOW: DBG:PUTS:      create_csynth_xml wrote csynth_xml=/home/sai.divya/pkt_clone/AI_Engine_Development/Feature_Tutorials/04-packet-switching/pktstream_aie/pl_kernels/_x/s2mm/s2mm/s2mm/solution/syn/report/csynth.xml
INFO-FLOW: DBG:PROC: ::AP::DESIGN_DATA::generate_json generate_bd_files='0' generate_xo_files='0' modelList='s2mm_flow_control_loop_pipe_sequential_init
s2mm_gmem_m_axi
s2mm_control_s_axi
s2mm_regslice_both
s2mm_regslice_both
s2mm_regslice_both
s2mm_regslice_both
s2mm_Pipeline_VITIS_LOOP_29_1
s2mm
' rtl_lang='both' bootstrap_tcl='false' outdir='' outfilename=''
Execute         source /home/sai.divya/pkt_clone/AI_Engine_Development/Feature_Tutorials/04-packet-switching/pktstream_aie/pl_kernels/_x/s2mm/s2mm/s2mm/solution/.autopilot/db/global.setting.tcl 
Execute         source /home/sai.divya/pkt_clone/AI_Engine_Development/Feature_Tutorials/04-packet-switching/pktstream_aie/pl_kernels/_x/s2mm/s2mm/s2mm/solution/.autopilot/db/global.setting.tcl 
Execute         source /home/sai.divya/pkt_clone/AI_Engine_Development/Feature_Tutorials/04-packet-switching/pktstream_aie/pl_kernels/_x/s2mm/s2mm/s2mm/solution/.autopilot/db/top-io-be.tcl 
Execute         source /home/sai.divya/pkt_clone/AI_Engine_Development/Feature_Tutorials/04-packet-switching/pktstream_aie/pl_kernels/_x/s2mm/s2mm/s2mm/solution/.autopilot/db/s2mm.tbgen.tcl 
Execute         source /home/sai.divya/pkt_clone/AI_Engine_Development/Feature_Tutorials/04-packet-switching/pktstream_aie/pl_kernels/_x/s2mm/s2mm/s2mm/solution/.autopilot/db/s2mm.compgen.dataonly.tcl 
Execute         source /home/sai.divya/pkt_clone/AI_Engine_Development/Feature_Tutorials/04-packet-switching/pktstream_aie/pl_kernels/_x/s2mm/s2mm/s2mm/solution/.autopilot/db/s2mm.compgen.dataonly.tcl 
Execute         source /home/sai.divya/pkt_clone/AI_Engine_Development/Feature_Tutorials/04-packet-switching/pktstream_aie/pl_kernels/_x/s2mm/s2mm/s2mm/solution/.autopilot/db/s2mm.rtl_wrap.cfg.tcl 
Execute         source /home/sai.divya/pkt_clone/AI_Engine_Development/Feature_Tutorials/04-packet-switching/pktstream_aie/pl_kernels/_x/s2mm/s2mm/s2mm/solution/.autopilot/db/s2mm.compgen.dataonly.tcl 
Execute         source /home/sai.divya/pkt_clone/AI_Engine_Development/Feature_Tutorials/04-packet-switching/pktstream_aie/pl_kernels/_x/s2mm/s2mm/s2mm/solution/.autopilot/db/s2mm_Pipeline_VITIS_LOOP_29_1.tbgen.tcl 
Execute         source /home/sai.divya/pkt_clone/AI_Engine_Development/Feature_Tutorials/04-packet-switching/pktstream_aie/pl_kernels/_x/s2mm/s2mm/s2mm/solution/.autopilot/db/s2mm.tbgen.tcl 
Execute         source /home/sai.divya/pkt_clone/AI_Engine_Development/Feature_Tutorials/04-packet-switching/pktstream_aie/pl_kernels/_x/s2mm/s2mm/s2mm/solution/.autopilot/db/global.setting.tcl 
Execute         ap_part_info -name xcvc1902-vsvd1760-2MP-e-S -data names -quiet 
Execute         ap_part_info -name xcvc1902-vsvd1760-2MP-e-S -data info -quiet 
Execute         source /home/sai.divya/pkt_clone/AI_Engine_Development/Feature_Tutorials/04-packet-switching/pktstream_aie/pl_kernels/_x/s2mm/s2mm/s2mm/solution/.autopilot/db/s2mm.constraint.tcl 
Execute         sc_get_clocks s2mm 
Execute         source /home/sai.divya/pkt_clone/AI_Engine_Development/Feature_Tutorials/04-packet-switching/pktstream_aie/pl_kernels/_x/s2mm/s2mm/s2mm/solution/.autopilot/db/global.setting.tcl 
INFO-FLOW: DBG:PROC: ::HLSREPORTS::add_csynth_report_sections bind_info_dict='adapter_nodes {{BINDTYPE adapter DISPLAY {bind_adapter axilite} ID {} IMPL {} LATENCY {} OPTYPE {} PRAGMA yes RTLNAME control_s_axi_U SOURCE {} VARIABLE {} MODULE s2mm LOOP {} BUNDLEDNAME control DSP 0 BRAM 0 URAM 0} {BINDTYPE adapter DISPLAY {bind_adapter axi_master} ID {} IMPL {} LATENCY {} OPTYPE {} PRAGMA yes RTLNAME gmem_m_axi_U SOURCE {} VARIABLE {} MODULE s2mm LOOP {} BUNDLEDNAME gmem DSP 0 BRAM 0 URAM 0}} report_dict {TOPINST s2mm MODULE2INSTS {s2mm s2mm s2mm_Pipeline_VITIS_LOOP_29_1 grp_s2mm_Pipeline_VITIS_LOOP_29_1_fu_105} INST2MODULE {s2mm s2mm grp_s2mm_Pipeline_VITIS_LOOP_29_1_fu_105 s2mm_Pipeline_VITIS_LOOP_29_1} INSTDATA {s2mm {DEPTH 1 CHILDREN grp_s2mm_Pipeline_VITIS_LOOP_29_1_fu_105} grp_s2mm_Pipeline_VITIS_LOOP_29_1_fu_105 {DEPTH 2 CHILDREN {}}} MODULEDATA {s2mm_Pipeline_VITIS_LOOP_29_1 {BINDINFO {{BINDTYPE op ID {} IMPL fabric LATENCY 0 OPTYPE add PRAGMA {} RTLNAME add_ln29_fu_114_p2 SOURCE /home/sai.divya/pkt_clone/AI_Engine_Development/Feature_Tutorials/04-packet-switching/pktstream_aie/pl_kernels/s2mm.cpp:29 VARIABLE add_ln29 LOOP VITIS_LOOP_29_1 BUNDLEDNAME {} DSP 0 BRAM 0 URAM 0 DISPNAME {bind_op add}}} AREA {DSP 0 BRAM 0 URAM 0}} s2mm {AREA {DSP 0 BRAM 0 URAM 0}}}}'
INFO-FLOW: DBG:PUTS:      update_csynth_reports json2rpt_hw_sw_interfaces
Execute         send_msg_by_id INFO @200-1603@%s  and missed bursts 
INFO: [HLS 200-1603] Design has inferred MAXI bursts and missed bursts, see Vitis HLS GUI synthesis summary report for detailed information.
INFO-FLOW: Running: gen_csynth_sec_pragma
INFO-FLOW: Done: gen_csynth_sec_pragma time: 0 seconds per iteration
INFO-FLOW: DBG:PUTS:      update_csynth_reports wrote xml
INFO-FLOW: DBG:PUTS:      update_csynth_reports appended to csynth rpt file
INFO: [HLS 200-111] Finished Updating report files: CPU user time: 0.64 seconds. CPU system time: 0.04 seconds. Elapsed time: 0.73 seconds; current allocated memory: 814.992 MB.
INFO: [VHDL 208-304] Generating VHDL RTL for s2mm.
INFO: [VLOG 209-307] Generating Verilog RTL for s2mm.
Execute         syn_report -model s2mm -printsummary 
INFO: [HLS 200-790] **** Loop Constraint Status: All loop constraints were satisfied.
INFO: [HLS 200-789] **** Estimated Fmax: 342.47 MHz
Command       autosyn done; 2.79 sec.
Command     csynth_design done; 17.8 sec.
INFO: [HLS 200-111] Finished Command csynth_design CPU user time: 12.48 seconds. CPU system time: 2.04 seconds. Elapsed time: 17.8 seconds; current allocated memory: 60.348 MB.
Execute     export_design 
INFO: [HLS 200-1510] Running: export_design 
INFO-FLOW: DBG:PUTS: export_design_wrap: -format xo -rtl verilog -ipname s2mm
Execute       source /home/sai.divya/pkt_clone/AI_Engine_Development/Feature_Tutorials/04-packet-switching/pktstream_aie/pl_kernels/_x/s2mm/s2mm/s2mm/solution/.autopilot/db/global.setting.tcl 
INFO-FLOW: DBG:PUTS:   auto_impl: pack: -export -rtl verilog
INFO-FLOW: DBG:PROC: ::AESL_AUTOIMPL::auto_impl args='-export -rtl verilog'
Execute       source /home/sai.divya/pkt_clone/AI_Engine_Development/Feature_Tutorials/04-packet-switching/pktstream_aie/pl_kernels/_x/s2mm/s2mm/s2mm/solution/.autopilot/db/global.setting.tcl 
INFO: [IMPL 213-8] Exporting RTL as a Vivado IP.
Execute       source /home/sai.divya/pkt_clone/AI_Engine_Development/Feature_Tutorials/04-packet-switching/pktstream_aie/pl_kernels/_x/s2mm/s2mm/s2mm/solution/.autopilot/db/global.setting.tcl 
INFO-FLOW: DBG:PUTS: automg_wrap -export -pcore_version 1.00.a -rtl vlog -tool Vivado -impltomg_flag
INFO-FLOW: DBG:PROC: ::AESL_AUTOMG::auto_generate args='-export -pcore_version 1.00.a -rtl vlog -tool Vivado -impltomg_flag'
INFO-FLOW: DBG:PUTS:     auto_generate -export -pcore_version 1.00.a -rtl vlog -tool Vivado -impltomg_flag
Execute       source /home/sai.divya/pkt_clone/AI_Engine_Development/Feature_Tutorials/04-packet-switching/pktstream_aie/pl_kernels/_x/s2mm/s2mm/s2mm/solution/.autopilot/db/global.setting.tcl 
INFO-FLOW: DBG:PUTS: read_platform_lib /home/sai.divya/pkt_clone/AI_Engine_Development/Feature_Tutorials/04-packet-switching/pktstream_aie/pl_kernels/_x/s2mm/s2mm/s2mm/solution/.autopilot/db/global.setting.tcl
Execute       source /home/Xilinx/Vitis_2022_2/Vitis_HLS/2022.2/common/technology/generic/autopilot/common.gen 
Execute         source /home/Xilinx/Vitis_2022_2/Vitis_HLS/2022.2/common/technology/generic/autopilot/APCoreGen.gen 
Execute       source /home/Xilinx/Vitis_2022_2/Vitis_HLS/2022.2/common/technology/generic/autopilot/op.gen 
Execute       source /home/Xilinx/Vitis_2022_2/Vitis_HLS/2022.2/common/technology/generic/autopilot/op_simcore.gen 
Execute       source /home/Xilinx/Vitis_2022_2/Vitis_HLS/2022.2/common/technology/generic/autopilot/interface.gen 
Execute       source /home/sai.divya/pkt_clone/AI_Engine_Development/Feature_Tutorials/04-packet-switching/pktstream_aie/pl_kernels/_x/s2mm/s2mm/s2mm/solution/.autopilot/db/global.setting.tcl 
Execute       ap_family_info -name versalprimees1 -data parts 
Execute       source /home/Xilinx/Vitis_2022_2/Vitis_HLS/2022.2/common/technology/xilinx/common/xilinx.gen 
Execute         source /home/Xilinx/Vitis_2022_2/Vitis_HLS/2022.2/common/technology/xilinx/interface/plb46.gen 
Execute         source /home/Xilinx/Vitis_2022_2/Vitis_HLS/2022.2/common/technology/xilinx/interface/axi4.gen 
Execute         source /home/Xilinx/Vitis_2022_2/Vitis_HLS/2022.2/common/technology/xilinx/interface/nativeAXI4.gen 
Execute           source /home/Xilinx/Vitis_2022_2/Vitis_HLS/2022.2/common/technology/xilinx/interface/saxilite.gen 
Execute         source /home/Xilinx/Vitis_2022_2/Vitis_HLS/2022.2/common/technology/xilinx/scripts/xilinxcoregen.gen 
Execute         source /home/Xilinx/Vitis_2022_2/Vitis_HLS/2022.2/common/technology/xilinx/interface/XilEDKCoreGen.gen 
Execute         source /home/Xilinx/Vitis_2022_2/Vitis_HLS/2022.2/common/technology/xilinx/ip/xfir.gen 
Execute         source /home/Xilinx/Vitis_2022_2/Vitis_HLS/2022.2/common/technology/xilinx/ip/dds_compiler.gen 
Execute         source /home/Xilinx/Vitis_2022_2/Vitis_HLS/2022.2/common/technology/xilinx/ip/xfft.gen 
Execute         source /home/Xilinx/Vitis_2022_2/Vitis_HLS/2022.2/common/technology/xilinx/ip/util.gen 
Execute         source /home/Xilinx/Vitis_2022_2/Vitis_HLS/2022.2/common/technology/xilinx/DSP48/dsp48.gen 
Command       ap_source done; 0.11 sec.
INFO-FLOW: DBG:PUTS:       initCTypeInfo top_module=s2mm xml_exists=0
Execute       source /home/sai.divya/pkt_clone/AI_Engine_Development/Feature_Tutorials/04-packet-switching/pktstream_aie/pl_kernels/_x/s2mm/s2mm/s2mm/solution/.autopilot/db/s2mm.rtl_wrap.cfg.tcl 
Execute       source /home/sai.divya/pkt_clone/AI_Engine_Development/Feature_Tutorials/04-packet-switching/pktstream_aie/pl_kernels/_x/s2mm/s2mm/s2mm/solution/.autopilot/db/s2mm.rtl_wrap.cfg.tcl 
Execute       source /home/sai.divya/pkt_clone/AI_Engine_Development/Feature_Tutorials/04-packet-switching/pktstream_aie/pl_kernels/_x/s2mm/s2mm/s2mm/solution/.autopilot/db/s2mm.rtl_wrap.cfg.tcl 
Execute       source /home/sai.divya/pkt_clone/AI_Engine_Development/Feature_Tutorials/04-packet-switching/pktstream_aie/pl_kernels/_x/s2mm/s2mm/s2mm/solution/.autopilot/db/s2mm.tbgen.tcl 
Execute       source /home/sai.divya/pkt_clone/AI_Engine_Development/Feature_Tutorials/04-packet-switching/pktstream_aie/pl_kernels/_x/s2mm/s2mm/s2mm/solution/.autopilot/db/s2mm.tbgen.tcl 
Execute       source /home/sai.divya/pkt_clone/AI_Engine_Development/Feature_Tutorials/04-packet-switching/pktstream_aie/pl_kernels/_x/s2mm/s2mm/s2mm/solution/.autopilot/db/global.setting.tcl 
Execute       source /home/sai.divya/pkt_clone/AI_Engine_Development/Feature_Tutorials/04-packet-switching/pktstream_aie/pl_kernels/_x/s2mm/s2mm/s2mm/solution/.autopilot/db/s2mm.tbgen.tcl 
INFO-FLOW: DBG:PUTS:       cosim_export_main adding deadlock detection to s2mm
INFO-FLOW: DBG:PUTS:       kernel.xml check internal_kernel_xml(1)=/home/sai.divya/pkt_clone/AI_Engine_Development/Feature_Tutorials/04-packet-switching/pktstream_aie/pl_kernels/_x/s2mm/s2mm/s2mm/solution/.autopilot/db/kernel.internal.xml top=s2mm
INFO-FLOW: DBG:PUTS:       kernel.xml check proj_kernel_xml    (1)=/home/sai.divya/pkt_clone/AI_Engine_Development/Feature_Tutorials/04-packet-switching/pktstream_aie/pl_kernels/_x/s2mm/s2mm/s2mm/solution/.autopilot/db/../../../kernel.xml
INFO-FLOW: DBG:PUTS:       copy internal kernel.xml to project: /home/sai.divya/pkt_clone/AI_Engine_Development/Feature_Tutorials/04-packet-switching/pktstream_aie/pl_kernels/_x/s2mm/s2mm/s2mm/solution/.autopilot/db/../../../kernel.xml
INFO-FLOW: DBG:PUTS:       update_final_kernel_xml /home/sai.divya/pkt_clone/AI_Engine_Development/Feature_Tutorials/04-packet-switching/pktstream_aie/pl_kernels/_x/s2mm/s2mm/s2mm/solution/.autopilot/db/../../../kernel.xml
INFO-FLOW: DBG:PUTS: Updating /home/sai.divya/pkt_clone/AI_Engine_Development/Feature_Tutorials/04-packet-switching/pktstream_aie/pl_kernels/_x/s2mm/s2mm/s2mm/solution/.autopilot/db/../../../kernel.xml with values: interrupt true debug false compileOptions {} name s2mm vlnv xilinx.com:hls:s2mm:1.0 swReset false mailbox none countedAutoRestart 0 deadlockDetection local
INFO-FLOW: DBG:PUTS: Skipping loadAnalyze_DB, #g_database=7
INFO-FLOW: DBG:PUTS:       generate_json generate_bd_files=0 generate_xo_files=true #modelList=9 #gSsdmPorts=0
INFO-FLOW: DBG:PROC: ::AP::DESIGN_DATA::generate_json generate_bd_files='0' generate_xo_files='true' modelList='s2mm_flow_control_loop_pipe_sequential_init
s2mm_gmem_m_axi
s2mm_control_s_axi
s2mm_regslice_both
s2mm_regslice_both
s2mm_regslice_both
s2mm_regslice_both
s2mm_Pipeline_VITIS_LOOP_29_1
s2mm
' rtl_lang='vlog' bootstrap_tcl='false' outdir='' outfilename=''
Execute       source /home/sai.divya/pkt_clone/AI_Engine_Development/Feature_Tutorials/04-packet-switching/pktstream_aie/pl_kernels/_x/s2mm/s2mm/s2mm/solution/.autopilot/db/global.setting.tcl 
Execute       source /home/sai.divya/pkt_clone/AI_Engine_Development/Feature_Tutorials/04-packet-switching/pktstream_aie/pl_kernels/_x/s2mm/s2mm/s2mm/solution/.autopilot/db/global.setting.tcl 
Execute       source /home/sai.divya/pkt_clone/AI_Engine_Development/Feature_Tutorials/04-packet-switching/pktstream_aie/pl_kernels/_x/s2mm/s2mm/s2mm/solution/.autopilot/db/top-io-be.tcl 
Execute       source /home/sai.divya/pkt_clone/AI_Engine_Development/Feature_Tutorials/04-packet-switching/pktstream_aie/pl_kernels/_x/s2mm/s2mm/s2mm/solution/.autopilot/db/s2mm.tbgen.tcl 
Execute       source /home/sai.divya/pkt_clone/AI_Engine_Development/Feature_Tutorials/04-packet-switching/pktstream_aie/pl_kernels/_x/s2mm/s2mm/s2mm/solution/.autopilot/db/s2mm.compgen.dataonly.tcl 
Execute       source /home/sai.divya/pkt_clone/AI_Engine_Development/Feature_Tutorials/04-packet-switching/pktstream_aie/pl_kernels/_x/s2mm/s2mm/s2mm/solution/.autopilot/db/s2mm.compgen.dataonly.tcl 
Execute       source /home/sai.divya/pkt_clone/AI_Engine_Development/Feature_Tutorials/04-packet-switching/pktstream_aie/pl_kernels/_x/s2mm/s2mm/s2mm/solution/.autopilot/db/s2mm.rtl_wrap.cfg.tcl 
Execute       source /home/sai.divya/pkt_clone/AI_Engine_Development/Feature_Tutorials/04-packet-switching/pktstream_aie/pl_kernels/_x/s2mm/s2mm/s2mm/solution/.autopilot/db/s2mm.compgen.dataonly.tcl 
Execute       source /home/sai.divya/pkt_clone/AI_Engine_Development/Feature_Tutorials/04-packet-switching/pktstream_aie/pl_kernels/_x/s2mm/s2mm/s2mm/solution/.autopilot/db/s2mm_Pipeline_VITIS_LOOP_29_1.tbgen.tcl 
Execute       source /home/sai.divya/pkt_clone/AI_Engine_Development/Feature_Tutorials/04-packet-switching/pktstream_aie/pl_kernels/_x/s2mm/s2mm/s2mm/solution/.autopilot/db/s2mm.tbgen.tcl 
Execute       source /home/sai.divya/pkt_clone/AI_Engine_Development/Feature_Tutorials/04-packet-switching/pktstream_aie/pl_kernels/_x/s2mm/s2mm/s2mm/solution/.autopilot/db/global.setting.tcl 
Execute       ap_part_info -name xcvc1902-vsvd1760-2MP-e-S -data names -quiet 
Execute       ap_part_info -name xcvc1902-vsvd1760-2MP-e-S -data info -quiet 
Execute       source /home/sai.divya/pkt_clone/AI_Engine_Development/Feature_Tutorials/04-packet-switching/pktstream_aie/pl_kernels/_x/s2mm/s2mm/s2mm/solution/.autopilot/db/s2mm.constraint.tcl 
Execute       sc_get_clocks s2mm 
Execute       source /home/sai.divya/pkt_clone/AI_Engine_Development/Feature_Tutorials/04-packet-switching/pktstream_aie/pl_kernels/_x/s2mm/s2mm/s2mm/solution/.autopilot/db/global.setting.tcl 
Execute       source /home/sai.divya/pkt_clone/AI_Engine_Development/Feature_Tutorials/04-packet-switching/pktstream_aie/pl_kernels/_x/s2mm/s2mm/s2mm/solution/.autopilot/db/global.setting.tcl 
Execute       source /home/sai.divya/pkt_clone/AI_Engine_Development/Feature_Tutorials/04-packet-switching/pktstream_aie/pl_kernels/_x/s2mm/s2mm/s2mm/solution/.autopilot/db/s2mm.tbgen.tcl 
INFO-FLOW: DBG:PUTS:       cosim_export_main adding deadlock detection to s2mm
INFO-FLOW: DBG:PUTS:       copy ip_driver_dir 1_0 /home/sai.divya/pkt_clone/AI_Engine_Development/Feature_Tutorials/04-packet-switching/pktstream_aie/pl_kernels/_x/s2mm/s2mm/s2mm/solution/.autopilot/db/driver
INFO-FLOW: DBG:PUTS:       generate_ip_script #gSsdmPorts=0 g_lang=vlog is_sdaccel=true is_sdsoc=true xo_file=/home/sai.divya/pkt_clone/AI_Engine_Development/Feature_Tutorials/04-packet-switching/pktstream_aie/pl_kernels/_x/s2mm/s2mm/s2mm/solution/impl/export.xo
Execute       ap_part_info -name xcvc1902-vsvd1760-2MP-e-S -data names -quiet 
Execute       ap_part_info -name xcvc1902-vsvd1760-2MP-e-S -data info -quiet 
Execute       ap_part_info -name xcvc1902-vsvd1760-2MP-e-S -data names -quiet 
Execute       ap_part_info -name xcvc1902-vsvd1760-2MP-e-S -data info -quiet 
Execute       source /home/sai.divya/pkt_clone/AI_Engine_Development/Feature_Tutorials/04-packet-switching/pktstream_aie/pl_kernels/_x/s2mm/s2mm/s2mm/solution/.autopilot/db/global.setting.tcl 
Execute       source /home/sai.divya/pkt_clone/AI_Engine_Development/Feature_Tutorials/04-packet-switching/pktstream_aie/pl_kernels/_x/s2mm/s2mm/s2mm/solution/.autopilot/db/s2mm.tbgen.tcl 
Execute       source /home/sai.divya/pkt_clone/AI_Engine_Development/Feature_Tutorials/04-packet-switching/pktstream_aie/pl_kernels/_x/s2mm/s2mm/s2mm/solution/.autopilot/db/s2mm.compgen.dataonly.tcl 
Execute       source /home/sai.divya/pkt_clone/AI_Engine_Development/Feature_Tutorials/04-packet-switching/pktstream_aie/pl_kernels/_x/s2mm/s2mm/s2mm/solution/.autopilot/db/s2mm.compgen.dataonly.tcl 
Execute       source /home/sai.divya/pkt_clone/AI_Engine_Development/Feature_Tutorials/04-packet-switching/pktstream_aie/pl_kernels/_x/s2mm/s2mm/s2mm/solution/.autopilot/db/global.setting.tcl 
INFO-FLOW: DBG:PUTS:       generate_top_info
INFO-FLOW: DBG:PUTS:       prepArgInfo -> loadAnalyze_DB top_module=s2mm
Execute       source /home/sai.divya/pkt_clone/AI_Engine_Development/Feature_Tutorials/04-packet-switching/pktstream_aie/pl_kernels/_x/s2mm/s2mm/s2mm/solution/.autopilot/db/s2mm.rtl_wrap.cfg.tcl 
Execute       source /home/sai.divya/pkt_clone/AI_Engine_Development/Feature_Tutorials/04-packet-switching/pktstream_aie/pl_kernels/_x/s2mm/s2mm/s2mm/solution/.autopilot/db/s2mm.rtl_wrap.cfg.tcl 
Execute       source /home/sai.divya/pkt_clone/AI_Engine_Development/Feature_Tutorials/04-packet-switching/pktstream_aie/pl_kernels/_x/s2mm/s2mm/s2mm/solution/.autopilot/db/s2mm.rtl_wrap.cfg.tcl 
Execute       source /home/sai.divya/pkt_clone/AI_Engine_Development/Feature_Tutorials/04-packet-switching/pktstream_aie/pl_kernels/_x/s2mm/s2mm/s2mm/solution/.autopilot/db/s2mm.tbgen.tcl 
Execute       source /home/sai.divya/pkt_clone/AI_Engine_Development/Feature_Tutorials/04-packet-switching/pktstream_aie/pl_kernels/_x/s2mm/s2mm/s2mm/solution/.autopilot/db/s2mm.tbgen.tcl 
Execute       ap_part_info -name xcvc1902-vsvd1760-2MP-e-S -data names -quiet 
Execute       ap_part_info -name xcvc1902-vsvd1760-2MP-e-S -data info -quiet 
Execute       source /home/sai.divya/pkt_clone/AI_Engine_Development/Feature_Tutorials/04-packet-switching/pktstream_aie/pl_kernels/_x/s2mm/s2mm/s2mm/solution/.autopilot/db/global.setting.tcl 
Execute       ap_part_info -name xcvc1902-vsvd1760-2MP-e-S -data names -quiet 
Execute       ap_part_info -name xcvc1902-vsvd1760-2MP-e-S -data info -quiet 
Execute       ap_part_info -name xcvc1902-vsvd1760-2MP-e-S -data names -quiet 
Execute       ap_part_info -name xcvc1902-vsvd1760-2MP-e-S -data info -quiet 
Execute       source /home/sai.divya/pkt_clone/AI_Engine_Development/Feature_Tutorials/04-packet-switching/pktstream_aie/pl_kernels/_x/s2mm/s2mm/s2mm/solution/.autopilot/db/s2mm.tbgen.tcl 
Execute       source /home/sai.divya/pkt_clone/AI_Engine_Development/Feature_Tutorials/04-packet-switching/pktstream_aie/pl_kernels/_x/s2mm/s2mm/s2mm/solution/.autopilot/db/global.setting.tcl 
Execute       source /home/sai.divya/pkt_clone/AI_Engine_Development/Feature_Tutorials/04-packet-switching/pktstream_aie/pl_kernels/_x/s2mm/s2mm/s2mm/solution/.autopilot/db/s2mm.constraint.tcl 
INFO-FLOW: DBG:PUTS:       generate_ipi_example_script
Execute       ap_part_info -name xcvc1902-vsvd1760-2MP-e-S -data names -quiet 
Execute       ap_part_info -name xcvc1902-vsvd1760-2MP-e-S -data info -quiet 
Execute       ap_part_info -name xcvc1902-vsvd1760-2MP-e-S -data names -quiet 
Execute       ap_part_info -name xcvc1902-vsvd1760-2MP-e-S -data info -quiet 
INFO-FLOW: DBG:PUTS:       generate_syn_sh
Execute       ap_part_info -name xcvc1902-vsvd1760-2MP-e-S -data names -quiet 
Execute       ap_part_info -name xcvc1902-vsvd1760-2MP-e-S -data info -quiet 
Execute       source /home/sai.divya/pkt_clone/AI_Engine_Development/Feature_Tutorials/04-packet-switching/pktstream_aie/pl_kernels/_x/s2mm/s2mm/s2mm/solution/.autopilot/db/global.setting.tcl 
INFO-FLOW: DBG:PUTS:       generate_imp_constraints
Execute       ap_part_info -name xcvc1902-vsvd1760-2MP-e-S -data names -quiet 
Execute       ap_part_info -name xcvc1902-vsvd1760-2MP-e-S -data info -quiet 
Execute       source /home/sai.divya/pkt_clone/AI_Engine_Development/Feature_Tutorials/04-packet-switching/pktstream_aie/pl_kernels/_x/s2mm/s2mm/s2mm/solution/.autopilot/db/s2mm.constraint.tcl 
Execute       source /home/sai.divya/pkt_clone/AI_Engine_Development/Feature_Tutorials/04-packet-switching/pktstream_aie/pl_kernels/_x/s2mm/s2mm/s2mm/solution/.autopilot/db/s2mm.tbgen.tcl 
INFO-FLOW: DBG:PUTS:       delete-temp-dirs (skipped for debug)
Execute       ap_part_info -name xcvc1902-vsvd1760-2MP-e-S -data names -quiet 
Execute       ap_part_info -name xcvc1902-vsvd1760-2MP-e-S -data info -quiet 
INFO-FLOW: DBG:PUTS: read_platform_lib /home/sai.divya/pkt_clone/AI_Engine_Development/Feature_Tutorials/04-packet-switching/pktstream_aie/pl_kernels/_x/s2mm/s2mm/s2mm/solution/.autopilot/db/global.setting.tcl
Execute       source /home/Xilinx/Vitis_2022_2/Vitis_HLS/2022.2/common/technology/generic/autopilot/common.gen 
Execute         source /home/Xilinx/Vitis_2022_2/Vitis_HLS/2022.2/common/technology/generic/autopilot/APCoreGen.gen 
Execute       source /home/Xilinx/Vitis_2022_2/Vitis_HLS/2022.2/common/technology/generic/autopilot/op.gen 
Execute       source /home/Xilinx/Vitis_2022_2/Vitis_HLS/2022.2/common/technology/generic/autopilot/op_simcore.gen 
Execute       source /home/Xilinx/Vitis_2022_2/Vitis_HLS/2022.2/common/technology/generic/autopilot/interface.gen 
Execute       source /home/sai.divya/pkt_clone/AI_Engine_Development/Feature_Tutorials/04-packet-switching/pktstream_aie/pl_kernels/_x/s2mm/s2mm/s2mm/solution/.autopilot/db/global.setting.tcl 
Execute       ap_family_info -name versalprimees1 -data parts 
Execute       source /home/Xilinx/Vitis_2022_2/Vitis_HLS/2022.2/common/technology/xilinx/common/xilinx.gen 
Execute         source /home/Xilinx/Vitis_2022_2/Vitis_HLS/2022.2/common/technology/xilinx/interface/plb46.gen 
Execute         source /home/Xilinx/Vitis_2022_2/Vitis_HLS/2022.2/common/technology/xilinx/interface/axi4.gen 
Execute         source /home/Xilinx/Vitis_2022_2/Vitis_HLS/2022.2/common/technology/xilinx/interface/nativeAXI4.gen 
Execute           source /home/Xilinx/Vitis_2022_2/Vitis_HLS/2022.2/common/technology/xilinx/interface/saxilite.gen 
Execute         source /home/Xilinx/Vitis_2022_2/Vitis_HLS/2022.2/common/technology/xilinx/scripts/xilinxcoregen.gen 
Execute         source /home/Xilinx/Vitis_2022_2/Vitis_HLS/2022.2/common/technology/xilinx/interface/XilEDKCoreGen.gen 
Execute         source /home/Xilinx/Vitis_2022_2/Vitis_HLS/2022.2/common/technology/xilinx/ip/xfir.gen 
Execute         source /home/Xilinx/Vitis_2022_2/Vitis_HLS/2022.2/common/technology/xilinx/ip/dds_compiler.gen 
Execute         source /home/Xilinx/Vitis_2022_2/Vitis_HLS/2022.2/common/technology/xilinx/ip/xfft.gen 
Execute         source /home/Xilinx/Vitis_2022_2/Vitis_HLS/2022.2/common/technology/xilinx/ip/util.gen 
Execute         source /home/Xilinx/Vitis_2022_2/Vitis_HLS/2022.2/common/technology/xilinx/DSP48/dsp48.gen 
Command       ap_source done; 0.12 sec.
INFO-FLOW: DBG:PUTS:     IP package: exec /home/sai.divya/pkt_clone/AI_Engine_Development/Feature_Tutorials/04-packet-switching/pktstream_aie/pl_kernels/_x/s2mm/s2mm/s2mm/solution/impl/ip/pack.sh
INFO-FLOW: DBG:PUTS:     IP package: success /home/sai.divya/pkt_clone/AI_Engine_Development/Feature_Tutorials/04-packet-switching/pktstream_aie/pl_kernels/_x/s2mm/s2mm/s2mm/solution/impl/ip/pack.sh
Execute       send_msg_by_id INFO @200-802@%s s2mm/solution/impl/export.xo 
INFO: [HLS 200-802] Generated output file s2mm/solution/impl/export.xo
Command     export_design done; 31.22 sec.
INFO: [HLS 200-111] Finished Command export_design CPU user time: 18.25 seconds. CPU system time: 2.17 seconds. Elapsed time: 31.22 seconds; current allocated memory: 6.777 MB.
Execute     close_project 
INFO: [HLS 200-1510] Running: close_project 
Execute       close_solution 
Execute         cleanup_all 
Execute         cleanup_all 
