

================================================================
== Vitis HLS Report for 's2mm_Pipeline_VITIS_LOOP_29_1'
================================================================
* Date:           Wed Dec  3 14:33:57 2025

* Version:        2022.2 (Build 3670227 on Oct 13 2022)
* Project:        s2mm
* Solution:       solution (Vitis Kernel Flow Target)
* Product family: versal
* Target device:  xcvc1902-vsvd1760-2MP-e-S


================================================================
== Performance Estimates
================================================================
+ Timing: 
    * Summary: 
    +--------+---------+----------+------------+
    |  Clock |  Target | Estimated| Uncertainty|
    +--------+---------+----------+------------+
    |ap_clk  |  4.00 ns|  2.920 ns|     1.08 ns|
    +--------+---------+----------+------------+

+ Latency: 
    * Summary: 
    +---------+---------+----------+----------+-----+-----+---------+
    |  Latency (cycles) |  Latency (absolute) |  Interval | Pipeline|
    |   min   |   max   |    min   |    max   | min | max |   Type  |
    +---------+---------+----------+----------+-----+-----+---------+
    |        ?|        ?|         ?|         ?|    ?|    ?|       no|
    +---------+---------+----------+----------+-----+-----+---------+

    + Detail: 
        * Instance: 
        N/A

        * Loop: 
        +-------------------+---------+---------+----------+-----------+-----------+------+----------+
        |                   |  Latency (cycles) | Iteration|  Initiation Interval  | Trip |          |
        |     Loop Name     |   min   |   max   |  Latency |  achieved |   target  | Count| Pipelined|
        +-------------------+---------+---------+----------+-----------+-----------+------+----------+
        |- VITIS_LOOP_29_1  |        ?|        ?|         2|          1|          1|     ?|       yes|
        +-------------------+---------+---------+----------+-----------+-----------+------+----------+



================================================================
== Utilization Estimates
================================================================
* Summary: 
+-----------------+---------+------+---------+--------+-----+
|       Name      | BRAM_18K|  DSP |    FF   |   LUT  | URAM|
+-----------------+---------+------+---------+--------+-----+
|DSP              |        -|     -|        -|       -|    -|
|Expression       |        -|     -|        0|      55|    -|
|FIFO             |        -|     -|        -|       -|    -|
|Instance         |        -|     -|        -|       -|    -|
|Memory           |        -|     -|        -|       -|    -|
|Multiplexer      |        -|     -|        -|      66|    -|
|Register         |        -|     -|       66|       -|    -|
+-----------------+---------+------+---------+--------+-----+
|Total            |        0|     0|       66|     121|    0|
+-----------------+---------+------+---------+--------+-----+
|Available        |     1934|  1968|  1799680|  899840|  463|
+-----------------+---------+------+---------+--------+-----+
|Utilization (%)  |        0|     0|       ~0|      ~0|    0|
+-----------------+---------+------+---------+--------+-----+

+ Detail: 
    * Instance: 
    N/A

    * DSP: 
    N/A

    * Memory: 
    N/A

    * FIFO: 
    N/A

    * Expression: 
    +----------------------------------+----------+----+---+----+------------+------------+
    |           Variable Name          | Operation| DSP| FF| LUT| Bitwidth P0| Bitwidth P1|
    +----------------------------------+----------+----+---+----+------------+------------+
    |add_ln29_fu_114_p2                |         +|   0|  0|  31|          31|           1|
    |ap_block_pp0_stage0_01001         |       and|   0|  0|   2|           1|           1|
    |ap_block_state1_pp0_stage0_iter0  |       and|   0|  0|   2|           1|           1|
    |icmp_ln29_fu_130_p2               |      icmp|   0|  0|  16|          32|          32|
    |ap_block_pp0_stage0_11001         |        or|   0|  0|   2|           1|           1|
    |ap_enable_pp0                     |       xor|   0|  0|   2|           1|           2|
    +----------------------------------+----------+----+---+----+------------+------------+
    |Total                             |          |   0|  0|  55|          67|          38|
    +----------------------------------+----------+----+---+----+------------+------------+

    * Multiplexer: 
    +-------------------------+----+-----------+-----+-----------+
    |           Name          | LUT| Input Size| Bits| Total Bits|
    +-------------------------+----+-----------+-----+-----------+
    |ap_done_int              |   2|          2|    1|          2|
    |ap_enable_reg_pp0_iter1  |   2|          2|    1|          2|
    |ap_sig_allocacmp_i_load  |  29|          2|   31|         62|
    |gmem_blk_n_W             |   2|          2|    1|          2|
    |i_fu_66                  |  29|          2|   31|         62|
    |s_TDATA_blk_n            |   2|          2|    1|          2|
    +-------------------------+----+-----------+-----+-----------+
    |Total                    |  66|         12|   66|        132|
    +-------------------------+----+-----------+-----+-----------+

    * Register: 
    +-------------------------+----+----+-----+-----------+
    |           Name          | FF | LUT| Bits| Const Bits|
    +-------------------------+----+----+-----+-----------+
    |ap_CS_fsm                |   1|   0|    1|          0|
    |ap_done_reg              |   1|   0|    1|          0|
    |ap_enable_reg_pp0_iter1  |   1|   0|    1|          0|
    |i_fu_66                  |  31|   0|   31|          0|
    |tmp_data_V_reg_160       |  32|   0|   32|          0|
    +-------------------------+----+----+-----+-----------+
    |Total                    |  66|   0|   66|          0|
    +-------------------------+----+----+-----+-----------+



================================================================
== Interface
================================================================
* Summary: 
+---------------------+-----+-----+------------+-------------------------------+--------------+
|      RTL Ports      | Dir | Bits|  Protocol  |         Source Object         |    C Type    |
+---------------------+-----+-----+------------+-------------------------------+--------------+
|ap_clk               |   in|    1|  ap_ctrl_hs|  s2mm_Pipeline_VITIS_LOOP_29_1|  return value|
|ap_rst               |   in|    1|  ap_ctrl_hs|  s2mm_Pipeline_VITIS_LOOP_29_1|  return value|
|ap_start             |   in|    1|  ap_ctrl_hs|  s2mm_Pipeline_VITIS_LOOP_29_1|  return value|
|ap_done              |  out|    1|  ap_ctrl_hs|  s2mm_Pipeline_VITIS_LOOP_29_1|  return value|
|ap_idle              |  out|    1|  ap_ctrl_hs|  s2mm_Pipeline_VITIS_LOOP_29_1|  return value|
|ap_ready             |  out|    1|  ap_ctrl_hs|  s2mm_Pipeline_VITIS_LOOP_29_1|  return value|
|s_TVALID             |   in|    1|        axis|                     s_V_data_V|       pointer|
|s_TDATA              |   in|   32|        axis|                     s_V_data_V|       pointer|
|m_axi_gmem_AWVALID   |  out|    1|       m_axi|                           gmem|       pointer|
|m_axi_gmem_AWREADY   |   in|    1|       m_axi|                           gmem|       pointer|
|m_axi_gmem_AWADDR    |  out|   64|       m_axi|                           gmem|       pointer|
|m_axi_gmem_AWID      |  out|    1|       m_axi|                           gmem|       pointer|
|m_axi_gmem_AWLEN     |  out|   32|       m_axi|                           gmem|       pointer|
|m_axi_gmem_AWSIZE    |  out|    3|       m_axi|                           gmem|       pointer|
|m_axi_gmem_AWBURST   |  out|    2|       m_axi|                           gmem|       pointer|
|m_axi_gmem_AWLOCK    |  out|    2|       m_axi|                           gmem|       pointer|
|m_axi_gmem_AWCACHE   |  out|    4|       m_axi|                           gmem|       pointer|
|m_axi_gmem_AWPROT    |  out|    3|       m_axi|                           gmem|       pointer|
|m_axi_gmem_AWQOS     |  out|    4|       m_axi|                           gmem|       pointer|
|m_axi_gmem_AWREGION  |  out|    4|       m_axi|                           gmem|       pointer|
|m_axi_gmem_AWUSER    |  out|    1|       m_axi|                           gmem|       pointer|
|m_axi_gmem_WVALID    |  out|    1|       m_axi|                           gmem|       pointer|
|m_axi_gmem_WREADY    |   in|    1|       m_axi|                           gmem|       pointer|
|m_axi_gmem_WDATA     |  out|   32|       m_axi|                           gmem|       pointer|
|m_axi_gmem_WSTRB     |  out|    4|       m_axi|                           gmem|       pointer|
|m_axi_gmem_WLAST     |  out|    1|       m_axi|                           gmem|       pointer|
|m_axi_gmem_WID       |  out|    1|       m_axi|                           gmem|       pointer|
|m_axi_gmem_WUSER     |  out|    1|       m_axi|                           gmem|       pointer|
|m_axi_gmem_ARVALID   |  out|    1|       m_axi|                           gmem|       pointer|
|m_axi_gmem_ARREADY   |   in|    1|       m_axi|                           gmem|       pointer|
|m_axi_gmem_ARADDR    |  out|   64|       m_axi|                           gmem|       pointer|
|m_axi_gmem_ARID      |  out|    1|       m_axi|                           gmem|       pointer|
|m_axi_gmem_ARLEN     |  out|   32|       m_axi|                           gmem|       pointer|
|m_axi_gmem_ARSIZE    |  out|    3|       m_axi|                           gmem|       pointer|
|m_axi_gmem_ARBURST   |  out|    2|       m_axi|                           gmem|       pointer|
|m_axi_gmem_ARLOCK    |  out|    2|       m_axi|                           gmem|       pointer|
|m_axi_gmem_ARCACHE   |  out|    4|       m_axi|                           gmem|       pointer|
|m_axi_gmem_ARPROT    |  out|    3|       m_axi|                           gmem|       pointer|
|m_axi_gmem_ARQOS     |  out|    4|       m_axi|                           gmem|       pointer|
|m_axi_gmem_ARREGION  |  out|    4|       m_axi|                           gmem|       pointer|
|m_axi_gmem_ARUSER    |  out|    1|       m_axi|                           gmem|       pointer|
|m_axi_gmem_RVALID    |   in|    1|       m_axi|                           gmem|       pointer|
|m_axi_gmem_RREADY    |  out|    1|       m_axi|                           gmem|       pointer|
|m_axi_gmem_RDATA     |   in|   32|       m_axi|                           gmem|       pointer|
|m_axi_gmem_RLAST     |   in|    1|       m_axi|                           gmem|       pointer|
|m_axi_gmem_RID       |   in|    1|       m_axi|                           gmem|       pointer|
|m_axi_gmem_RFIFONUM  |   in|    9|       m_axi|                           gmem|       pointer|
|m_axi_gmem_RUSER     |   in|    1|       m_axi|                           gmem|       pointer|
|m_axi_gmem_RRESP     |   in|    2|       m_axi|                           gmem|       pointer|
|m_axi_gmem_BVALID    |   in|    1|       m_axi|                           gmem|       pointer|
|m_axi_gmem_BREADY    |  out|    1|       m_axi|                           gmem|       pointer|
|m_axi_gmem_BRESP     |   in|    2|       m_axi|                           gmem|       pointer|
|m_axi_gmem_BID       |   in|    1|       m_axi|                           gmem|       pointer|
|m_axi_gmem_BUSER     |   in|    1|       m_axi|                           gmem|       pointer|
|sext_ln29            |   in|   62|     ap_none|                      sext_ln29|        scalar|
|size                 |   in|   32|     ap_none|                           size|        scalar|
|s_TREADY             |  out|    1|        axis|                     s_V_last_V|       pointer|
|s_TLAST              |   in|    1|        axis|                     s_V_last_V|       pointer|
|s_TKEEP              |   in|    4|        axis|                     s_V_keep_V|       pointer|
|s_TSTRB              |   in|    4|        axis|                     s_V_strb_V|       pointer|
+---------------------+-----+-----+------------+-------------------------------+--------------+

============================================================
+ Verbose Summary: Synthesis Manager
============================================================
InlineROM: 1
ExposeGlobal: 0
============================================================
+ Verbose Summary: CDFG Model
============================================================
IsTopModel: 0
ResetActiveHigh: 1
IsCombinational: 2
IsDatapathOnly: 2
HasWiredReturn: 1
HasMFsm: 2
HasVarLatency: 1
IsPipeline: 0
IsRtlPipelined: 0
IsInstanceOverlapped: 0
IsDontTouch: 0
HasImplIP: 0
IsGatedGlobalClock: 0

+ Individual pipeline summary: 
  * Pipeline-0: initiation interval (II) = 1, depth = 2


============================================================
+ Verbose Summary: Schedule
============================================================
* Number of FSM states : 2
* Pipeline : 1
  Pipeline-0 : II = 1, D = 2, States = { 1 2 }
* Dataflow Pipeline: 0

* FSM state transitions: 
1 --> 2 
2 --> 

* FSM state operations: 

State 1 <SV = 0> <Delay = 1.35>
ST_1 : Operation 5 [1/1] (0.00ns)   --->   "%i = alloca i32 1"   --->   Operation 5 'alloca' 'i' <Predicate = true> <Delay = 0.00>
ST_1 : Operation 6 [1/1] (0.00ns)   --->   "%size_read = read i32 @_ssdm_op_Read.ap_auto.i32, i32 %size"   --->   Operation 6 'read' 'size_read' <Predicate = true> <Delay = 0.00>
ST_1 : Operation 7 [1/1] (0.00ns)   --->   "%sext_ln29_read = read i62 @_ssdm_op_Read.ap_auto.i62, i62 %sext_ln29"   --->   Operation 7 'read' 'sext_ln29_read' <Predicate = true> <Delay = 0.00>
ST_1 : Operation 8 [1/1] (0.00ns)   --->   "%sext_ln29_cast = sext i62 %sext_ln29_read"   --->   Operation 8 'sext' 'sext_ln29_cast' <Predicate = true> <Delay = 0.00>
ST_1 : Operation 9 [1/1] (0.00ns)   --->   "%specaxissidechannel_ln0 = specaxissidechannel void @_ssdm_op_SpecAXISSideChannel, i32 %s_V_data_V, i4 %s_V_keep_V, i4 %s_V_strb_V, i1 0, i1 %s_V_last_V, i1 0, i1 0, void @empty_7"   --->   Operation 9 'specaxissidechannel' 'specaxissidechannel_ln0' <Predicate = true> <Delay = 0.00>
ST_1 : Operation 10 [1/1] (0.00ns)   --->   "%specinterface_ln0 = specinterface void @_ssdm_op_SpecInterface, i1 %s_V_last_V, i4 %s_V_strb_V, i4 %s_V_keep_V, i32 %s_V_data_V, void @empty_12, i32 0, i32 0, void @empty_13, i32 0, i32 0, void @empty_3, void @empty_3, void @empty_3, i32 0, i32 0, i32 0, i32 0, void @empty_3, void @empty_3, i32 4294967295, i32 0"   --->   Operation 10 'specinterface' 'specinterface_ln0' <Predicate = true> <Delay = 0.00>
ST_1 : Operation 11 [1/1] (0.00ns)   --->   "%specinterface_ln0 = specinterface void @_ssdm_op_SpecInterface, i32 %gmem, void @empty_2, i32 0, i32 0, void @empty_3, i32 64, i32 0, void @empty_4, void @empty_5, void @empty_3, i32 16, i32 16, i32 16, i32 16, void @empty_3, void @empty_3, i32 4294967295, i32 0"   --->   Operation 11 'specinterface' 'specinterface_ln0' <Predicate = true> <Delay = 0.00>
ST_1 : Operation 12 [1/1] (0.46ns)   --->   "%store_ln0 = store i31 0, i31 %i"   --->   Operation 12 'store' 'store_ln0' <Predicate = true> <Delay = 0.46>
ST_1 : Operation 13 [1/1] (0.00ns)   --->   "%br_ln0 = br void %for.inc"   --->   Operation 13 'br' 'br_ln0' <Predicate = true> <Delay = 0.00>
ST_1 : Operation 14 [1/1] (0.00ns)   --->   "%i_load = load i31 %i" [/home/sai.divya/pkt_clone/AI_Engine_Development/Feature_Tutorials/04-packet-switching/pktstream_aie/pl_kernels/s2mm.cpp:29]   --->   Operation 14 'load' 'i_load' <Predicate = true> <Delay = 0.00>
ST_1 : Operation 15 [1/1] (0.89ns)   --->   "%add_ln29 = add i31 %i_load, i31 1" [/home/sai.divya/pkt_clone/AI_Engine_Development/Feature_Tutorials/04-packet-switching/pktstream_aie/pl_kernels/s2mm.cpp:29]   --->   Operation 15 'add' 'add_ln29' <Predicate = true> <Delay = 0.89> <CoreInst = "Adder">   --->   Core 1 'Adder' <Latency = 0> <II = 1> <Delay = 0.89> <FuncUnit> <Opcode : 'add' 'sub'> <InPorts = 2> <OutPorts = 1>
ST_1 : Operation 16 [1/1] (0.00ns)   --->   "%i_cast = zext i31 %i_load" [/home/sai.divya/pkt_clone/AI_Engine_Development/Feature_Tutorials/04-packet-switching/pktstream_aie/pl_kernels/s2mm.cpp:29]   --->   Operation 16 'zext' 'i_cast' <Predicate = true> <Delay = 0.00>
ST_1 : Operation 17 [1/1] (0.00ns)   --->   "%specbitsmap_ln0 = specbitsmap void @_ssdm_op_SpecBitsMap, i32 %gmem"   --->   Operation 17 'specbitsmap' 'specbitsmap_ln0' <Predicate = true> <Delay = 0.00>
ST_1 : Operation 18 [1/1] (0.00ns)   --->   "%gmem_addr = getelementptr i32 %gmem, i64 %sext_ln29_cast" [/home/sai.divya/pkt_clone/AI_Engine_Development/Feature_Tutorials/04-packet-switching/pktstream_aie/pl_kernels/s2mm.cpp:29]   --->   Operation 18 'getelementptr' 'gmem_addr' <Predicate = true> <Delay = 0.00>
ST_1 : Operation 19 [1/1] (0.70ns)   --->   "%icmp_ln29 = icmp_slt  i32 %i_cast, i32 %size_read" [/home/sai.divya/pkt_clone/AI_Engine_Development/Feature_Tutorials/04-packet-switching/pktstream_aie/pl_kernels/s2mm.cpp:29]   --->   Operation 19 'icmp' 'icmp_ln29' <Predicate = true> <Delay = 0.70> <CoreInst = "Cmp">   --->   Core 9 'Cmp' <Latency = 0> <II = 1> <Delay = 0.70> <FuncUnit> <Opcode : 'icmp'> <InPorts = 2> <OutPorts = 1>
ST_1 : Operation 20 [1/1] (0.00ns)   --->   "%br_ln29 = br i1 %icmp_ln29, void %for.end.loopexit.exitStub, void %for.inc.split" [/home/sai.divya/pkt_clone/AI_Engine_Development/Feature_Tutorials/04-packet-switching/pktstream_aie/pl_kernels/s2mm.cpp:29]   --->   Operation 20 'br' 'br_ln29' <Predicate = true> <Delay = 0.00>
ST_1 : Operation 21 [1/1] (0.00ns)   --->   "%empty = read i41 @_ssdm_op_Read.axis.volatile.i32P0A.i4P0A.i4P0A.i1P0A, i32 %s_V_data_V, i4 %s_V_keep_V, i4 %s_V_strb_V, i1 %s_V_last_V"   --->   Operation 21 'read' 'empty' <Predicate = (icmp_ln29)> <Delay = 0.00> <CoreInst = "axis">   --->   Core 127 'axis' <Latency = 0> <II = 1> <Delay = 1.00> <Adapter> <Opcode : >
ST_1 : Operation 22 [1/1] (0.00ns)   --->   "%tmp_data_V = extractvalue i41 %empty"   --->   Operation 22 'extractvalue' 'tmp_data_V' <Predicate = (icmp_ln29)> <Delay = 0.00>
ST_1 : Operation 23 [1/1] (0.46ns)   --->   "%store_ln29 = store i31 %add_ln29, i31 %i" [/home/sai.divya/pkt_clone/AI_Engine_Development/Feature_Tutorials/04-packet-switching/pktstream_aie/pl_kernels/s2mm.cpp:29]   --->   Operation 23 'store' 'store_ln29' <Predicate = (icmp_ln29)> <Delay = 0.46>
ST_1 : Operation 28 [1/1] (0.00ns)   --->   "%ret_ln0 = ret"   --->   Operation 28 'ret' 'ret_ln0' <Predicate = (!icmp_ln29)> <Delay = 0.00>

State 2 <SV = 1> <Delay = 2.92>
ST_2 : Operation 24 [1/1] (0.00ns)   --->   "%specpipeline_ln30 = specpipeline void @_ssdm_op_SpecPipeline, i32 1, i32 0, i32 0, i32 0, void @empty_3" [/home/sai.divya/pkt_clone/AI_Engine_Development/Feature_Tutorials/04-packet-switching/pktstream_aie/pl_kernels/s2mm.cpp:30]   --->   Operation 24 'specpipeline' 'specpipeline_ln30' <Predicate = true> <Delay = 0.00>
ST_2 : Operation 25 [1/1] (0.00ns)   --->   "%specloopname_ln29 = specloopname void @_ssdm_op_SpecLoopName, void @empty_10" [/home/sai.divya/pkt_clone/AI_Engine_Development/Feature_Tutorials/04-packet-switching/pktstream_aie/pl_kernels/s2mm.cpp:29]   --->   Operation 25 'specloopname' 'specloopname_ln29' <Predicate = true> <Delay = 0.00>
ST_2 : Operation 26 [1/1] (2.92ns)   --->   "%write_ln32 = write void @_ssdm_op_Write.m_axi.p1i32, i64 %gmem_addr, i32 %tmp_data_V, i4 15" [/home/sai.divya/pkt_clone/AI_Engine_Development/Feature_Tutorials/04-packet-switching/pktstream_aie/pl_kernels/s2mm.cpp:32]   --->   Operation 26 'write' 'write_ln32' <Predicate = true> <Delay = 2.92> <CoreInst = "m_axi">   --->   Core 125 'm_axi' <Latency = 0> <II = 1> <Delay = 1.00> <Adapter> <Opcode : 'read' 'write' 'readreq' 'writereq' 'writeresp'>
ST_2 : Operation 27 [1/1] (0.00ns)   --->   "%br_ln29 = br void %for.inc" [/home/sai.divya/pkt_clone/AI_Engine_Development/Feature_Tutorials/04-packet-switching/pktstream_aie/pl_kernels/s2mm.cpp:29]   --->   Operation 27 'br' 'br_ln29' <Predicate = true> <Delay = 0.00>


============================================================
+ Verbose Summary: Binding
============================================================
STG Binding: 
---------------- STG Properties BEGIN ----------------
- Is combinational: 0
- Is one-state seq: 0
- Is datapath-only: 0
- Is pipelined: 0
- Is top level: 0
Port [ Return ] is wired: 1; IO mode=ap_ctrl_hs:ce=0
Port [ gmem]:  wired=1; compound=1; hidden=0; nouse=0; global=0; static=0; extern=0; dir=1; type=4; pingpong=0; private_global=0; IO mode=m_axi:ce=0
Port [ sext_ln29]:  wired=1; compound=0; hidden=0; nouse=0; global=0; static=0; extern=0; dir=0; type=0; pingpong=0; private_global=0; IO mode=ap_none:ce=0
Port [ size]:  wired=1; compound=0; hidden=0; nouse=0; global=0; static=0; extern=0; dir=0; type=0; pingpong=0; private_global=0; IO mode=ap_none:ce=0
Port [ s_V_data_V]:  wired=1; compound=1; hidden=0; nouse=0; global=0; static=0; extern=0; dir=0; type=0; pingpong=0; private_global=0; IO mode=axis:ce=0
Port [ s_V_keep_V]:  wired=1; compound=1; hidden=0; nouse=0; global=0; static=0; extern=0; dir=0; type=0; pingpong=0; private_global=0; IO mode=axis:ce=0
Port [ s_V_strb_V]:  wired=1; compound=1; hidden=0; nouse=0; global=0; static=0; extern=0; dir=0; type=0; pingpong=0; private_global=0; IO mode=axis:ce=0
Port [ s_V_last_V]:  wired=1; compound=1; hidden=0; nouse=0; global=0; static=0; extern=0; dir=0; type=0; pingpong=0; private_global=0; IO mode=axis:ce=0
---------------- STG Properties END ------------------

---------------- Datapath Model BEGIN ----------------

<LifeTime>
<method=bitvector/>
i                       (alloca             ) [ 010]
size_read               (read               ) [ 000]
sext_ln29_read          (read               ) [ 000]
sext_ln29_cast          (sext               ) [ 000]
specaxissidechannel_ln0 (specaxissidechannel) [ 000]
specinterface_ln0       (specinterface      ) [ 000]
specinterface_ln0       (specinterface      ) [ 000]
store_ln0               (store              ) [ 000]
br_ln0                  (br                 ) [ 000]
i_load                  (load               ) [ 000]
add_ln29                (add                ) [ 000]
i_cast                  (zext               ) [ 000]
specbitsmap_ln0         (specbitsmap        ) [ 000]
gmem_addr               (getelementptr      ) [ 011]
icmp_ln29               (icmp               ) [ 010]
br_ln29                 (br                 ) [ 000]
empty                   (read               ) [ 000]
tmp_data_V              (extractvalue       ) [ 011]
store_ln29              (store              ) [ 000]
specpipeline_ln30       (specpipeline       ) [ 000]
specloopname_ln29       (specloopname       ) [ 000]
write_ln32              (write              ) [ 000]
br_ln29                 (br                 ) [ 000]
ret_ln0                 (ret                ) [ 000]
</LifeTime>

<model>

<comp_list>
<comp id="0" class="1000" name="gmem">
<pin_list>
<pin id="1" dir="1" index="0" bw="1" slack="0"/>
</pin_list>
<bind>
<StgValue><ssdm name="gmem"/></StgValue>
</bind>
</comp>

<comp id="2" class="1000" name="sext_ln29">
<pin_list>
<pin id="3" dir="1" index="0" bw="1" slack="0"/>
</pin_list>
<bind>
<StgValue><ssdm name="sext_ln29"/></StgValue>
</bind>
</comp>

<comp id="4" class="1000" name="size">
<pin_list>
<pin id="5" dir="1" index="0" bw="1" slack="0"/>
</pin_list>
<bind>
<StgValue><ssdm name="size"/></StgValue>
</bind>
</comp>

<comp id="6" class="1000" name="s_V_data_V">
<pin_list>
<pin id="7" dir="1" index="0" bw="1" slack="0"/>
</pin_list>
<bind>
<StgValue><ssdm name="s_V_data_V"/></StgValue>
</bind>
</comp>

<comp id="8" class="1000" name="s_V_keep_V">
<pin_list>
<pin id="9" dir="1" index="0" bw="1" slack="0"/>
</pin_list>
<bind>
<StgValue><ssdm name="s_V_keep_V"/></StgValue>
</bind>
</comp>

<comp id="10" class="1000" name="s_V_strb_V">
<pin_list>
<pin id="11" dir="1" index="0" bw="1" slack="0"/>
</pin_list>
<bind>
<StgValue><ssdm name="s_V_strb_V"/></StgValue>
</bind>
</comp>

<comp id="12" class="1000" name="s_V_last_V">
<pin_list>
<pin id="13" dir="1" index="0" bw="1" slack="0"/>
</pin_list>
<bind>
<StgValue><ssdm name="s_V_last_V"/></StgValue>
</bind>
</comp>

<comp id="14" class="1001" name="const_14">
<pin_list>
<pin id="15" dir="1" index="0" bw="1" slack="0"/>
</pin_list>
<bind>
<StgValue><ssdm name=""/></StgValue>
</bind>
</comp>

<comp id="16" class="1001" name="const_16">
<pin_list>
<pin id="17" dir="1" index="0" bw="1" slack="0"/>
</pin_list>
<bind>
<StgValue><ssdm name="_ssdm_op_Read.ap_auto.i32"/></StgValue>
</bind>
</comp>

<comp id="18" class="1001" name="const_18">
<pin_list>
<pin id="19" dir="1" index="0" bw="1" slack="0"/>
</pin_list>
<bind>
<StgValue><ssdm name="_ssdm_op_Read.ap_auto.i62"/></StgValue>
</bind>
</comp>

<comp id="20" class="1001" name="const_20">
<pin_list>
<pin id="21" dir="1" index="0" bw="1" slack="2147483647"/>
</pin_list>
<bind>
<StgValue><ssdm name="_ssdm_op_SpecAXISSideChannel"/></StgValue>
</bind>
</comp>

<comp id="22" class="1001" name="const_22">
<pin_list>
<pin id="23" dir="1" index="0" bw="1" slack="2147483647"/>
</pin_list>
<bind>
<StgValue><ssdm name=""/></StgValue>
</bind>
</comp>

<comp id="24" class="1001" name="const_24">
<pin_list>
<pin id="25" dir="1" index="0" bw="1" slack="2147483647"/>
</pin_list>
<bind>
<StgValue><ssdm name="empty_7"/></StgValue>
</bind>
</comp>

<comp id="26" class="1001" name="const_26">
<pin_list>
<pin id="27" dir="1" index="0" bw="1" slack="2147483647"/>
</pin_list>
<bind>
<StgValue><ssdm name="_ssdm_op_SpecInterface"/></StgValue>
</bind>
</comp>

<comp id="28" class="1001" name="const_28">
<pin_list>
<pin id="29" dir="1" index="0" bw="1" slack="2147483647"/>
</pin_list>
<bind>
<StgValue><ssdm name="empty_12"/></StgValue>
</bind>
</comp>

<comp id="30" class="1001" name="const_30">
<pin_list>
<pin id="31" dir="1" index="0" bw="1" slack="2147483647"/>
</pin_list>
<bind>
<StgValue><ssdm name=""/></StgValue>
</bind>
</comp>

<comp id="32" class="1001" name="const_32">
<pin_list>
<pin id="33" dir="1" index="0" bw="1" slack="2147483647"/>
</pin_list>
<bind>
<StgValue><ssdm name="empty_13"/></StgValue>
</bind>
</comp>

<comp id="34" class="1001" name="const_34">
<pin_list>
<pin id="35" dir="1" index="0" bw="1" slack="2147483647"/>
</pin_list>
<bind>
<StgValue><ssdm name="empty_3"/></StgValue>
</bind>
</comp>

<comp id="36" class="1001" name="const_36">
<pin_list>
<pin id="37" dir="1" index="0" bw="1" slack="2147483647"/>
</pin_list>
<bind>
<StgValue><ssdm name=""/></StgValue>
</bind>
</comp>

<comp id="38" class="1001" name="const_38">
<pin_list>
<pin id="39" dir="1" index="0" bw="1" slack="2147483647"/>
</pin_list>
<bind>
<StgValue><ssdm name="empty_2"/></StgValue>
</bind>
</comp>

<comp id="40" class="1001" name="const_40">
<pin_list>
<pin id="41" dir="1" index="0" bw="1" slack="2147483647"/>
</pin_list>
<bind>
<StgValue><ssdm name=""/></StgValue>
</bind>
</comp>

<comp id="42" class="1001" name="const_42">
<pin_list>
<pin id="43" dir="1" index="0" bw="1" slack="2147483647"/>
</pin_list>
<bind>
<StgValue><ssdm name="empty_4"/></StgValue>
</bind>
</comp>

<comp id="44" class="1001" name="const_44">
<pin_list>
<pin id="45" dir="1" index="0" bw="1" slack="2147483647"/>
</pin_list>
<bind>
<StgValue><ssdm name="empty_5"/></StgValue>
</bind>
</comp>

<comp id="46" class="1001" name="const_46">
<pin_list>
<pin id="47" dir="1" index="0" bw="1" slack="2147483647"/>
</pin_list>
<bind>
<StgValue><ssdm name=""/></StgValue>
</bind>
</comp>

<comp id="48" class="1001" name="const_48">
<pin_list>
<pin id="49" dir="1" index="0" bw="1" slack="0"/>
</pin_list>
<bind>
<StgValue><ssdm name=""/></StgValue>
</bind>
</comp>

<comp id="50" class="1001" name="const_50">
<pin_list>
<pin id="51" dir="1" index="0" bw="1" slack="0"/>
</pin_list>
<bind>
<StgValue><ssdm name=""/></StgValue>
</bind>
</comp>

<comp id="52" class="1001" name="const_52">
<pin_list>
<pin id="53" dir="1" index="0" bw="1" slack="2147483647"/>
</pin_list>
<bind>
<StgValue><ssdm name="_ssdm_op_SpecBitsMap"/></StgValue>
</bind>
</comp>

<comp id="54" class="1001" name="const_54">
<pin_list>
<pin id="55" dir="1" index="0" bw="1" slack="0"/>
</pin_list>
<bind>
<StgValue><ssdm name="_ssdm_op_Read.axis.volatile.i32P0A.i4P0A.i4P0A.i1P0A"/></StgValue>
</bind>
</comp>

<comp id="56" class="1001" name="const_56">
<pin_list>
<pin id="57" dir="1" index="0" bw="1" slack="2147483647"/>
</pin_list>
<bind>
<StgValue><ssdm name="_ssdm_op_SpecPipeline"/></StgValue>
</bind>
</comp>

<comp id="58" class="1001" name="const_58">
<pin_list>
<pin id="59" dir="1" index="0" bw="1" slack="2147483647"/>
</pin_list>
<bind>
<StgValue><ssdm name="_ssdm_op_SpecLoopName"/></StgValue>
</bind>
</comp>

<comp id="60" class="1001" name="const_60">
<pin_list>
<pin id="61" dir="1" index="0" bw="1" slack="2147483647"/>
</pin_list>
<bind>
<StgValue><ssdm name="empty_10"/></StgValue>
</bind>
</comp>

<comp id="62" class="1001" name="const_62">
<pin_list>
<pin id="63" dir="1" index="0" bw="1" slack="0"/>
</pin_list>
<bind>
<StgValue><ssdm name="_ssdm_op_Write.m_axi.p1i32"/></StgValue>
</bind>
</comp>

<comp id="64" class="1001" name="const_64">
<pin_list>
<pin id="65" dir="1" index="0" bw="1" slack="0"/>
</pin_list>
<bind>
<StgValue><ssdm name=""/></StgValue>
</bind>
</comp>

<comp id="66" class="1004" name="i_fu_66">
<pin_list>
<pin id="67" dir="0" index="0" bw="1" slack="0"/>
<pin id="68" dir="1" index="1" bw="31" slack="0"/>
</pin_list>
<bind>
<opcode="alloca(26) " fcode="alloca"/>
<opset="i/1 "/>
</bind>
</comp>

<comp id="70" class="1004" name="size_read_read_fu_70">
<pin_list>
<pin id="71" dir="0" index="0" bw="32" slack="0"/>
<pin id="72" dir="0" index="1" bw="32" slack="0"/>
<pin id="73" dir="1" index="2" bw="32" slack="0"/>
</pin_list>
<bind>
<opcode="read(1150) " fcode="read"/>
<opset="size_read/1 "/>
</bind>
</comp>

<comp id="76" class="1004" name="sext_ln29_read_read_fu_76">
<pin_list>
<pin id="77" dir="0" index="0" bw="62" slack="0"/>
<pin id="78" dir="0" index="1" bw="62" slack="0"/>
<pin id="79" dir="1" index="2" bw="62" slack="0"/>
</pin_list>
<bind>
<opcode="read(1150) " fcode="read"/>
<opset="sext_ln29_read/1 "/>
</bind>
</comp>

<comp id="82" class="1004" name="empty_read_fu_82">
<pin_list>
<pin id="83" dir="0" index="0" bw="41" slack="0"/>
<pin id="84" dir="0" index="1" bw="32" slack="0"/>
<pin id="85" dir="0" index="2" bw="4" slack="0"/>
<pin id="86" dir="0" index="3" bw="4" slack="0"/>
<pin id="87" dir="0" index="4" bw="1" slack="0"/>
<pin id="88" dir="1" index="5" bw="41" slack="0"/>
</pin_list>
<bind>
<opcode="read(1150) " fcode="read"/>
<opset="empty/1 "/>
</bind>
</comp>

<comp id="94" class="1004" name="write_ln32_write_fu_94">
<pin_list>
<pin id="95" dir="0" index="0" bw="0" slack="0"/>
<pin id="96" dir="0" index="1" bw="32" slack="1"/>
<pin id="97" dir="0" index="2" bw="32" slack="1"/>
<pin id="98" dir="0" index="3" bw="1" slack="0"/>
<pin id="99" dir="1" index="4" bw="0" slack="2147483647"/>
</pin_list>
<bind>
<opcode="write(1151) " fcode="write"/>
<opset="write_ln32/2 "/>
</bind>
</comp>

<comp id="102" class="1004" name="sext_ln29_cast_fu_102">
<pin_list>
<pin id="103" dir="0" index="0" bw="62" slack="0"/>
<pin id="104" dir="1" index="1" bw="64" slack="0"/>
</pin_list>
<bind>
<opcode="sext(35) " fcode="sext"/>
<opset="sext_ln29_cast/1 "/>
</bind>
</comp>

<comp id="106" class="1004" name="store_ln0_store_fu_106">
<pin_list>
<pin id="107" dir="0" index="0" bw="1" slack="0"/>
<pin id="108" dir="0" index="1" bw="31" slack="0"/>
<pin id="109" dir="1" index="2" bw="0" slack="2147483647"/>
</pin_list>
<bind>
<opcode="store(28) " fcode="store"/>
<opset="store_ln0/1 "/>
</bind>
</comp>

<comp id="111" class="1004" name="i_load_load_fu_111">
<pin_list>
<pin id="112" dir="0" index="0" bw="31" slack="0"/>
<pin id="113" dir="1" index="1" bw="31" slack="0"/>
</pin_list>
<bind>
<opcode="load(27) " fcode="load"/>
<opset="i_load/1 "/>
</bind>
</comp>

<comp id="114" class="1004" name="add_ln29_fu_114">
<pin_list>
<pin id="115" dir="0" index="0" bw="31" slack="0"/>
<pin id="116" dir="0" index="1" bw="1" slack="0"/>
<pin id="117" dir="1" index="2" bw="31" slack="0"/>
</pin_list>
<bind>
<opcode="add(8) " fcode="add"/>
<opset="add_ln29/1 "/>
</bind>
</comp>

<comp id="120" class="1004" name="i_cast_fu_120">
<pin_list>
<pin id="121" dir="0" index="0" bw="31" slack="0"/>
<pin id="122" dir="1" index="1" bw="32" slack="0"/>
</pin_list>
<bind>
<opcode="zext(34) " fcode="zext"/>
<opset="i_cast/1 "/>
</bind>
</comp>

<comp id="124" class="1004" name="gmem_addr_fu_124">
<pin_list>
<pin id="125" dir="0" index="0" bw="64" slack="0"/>
<pin id="126" dir="0" index="1" bw="64" slack="0"/>
<pin id="127" dir="1" index="2" bw="64" slack="1"/>
</pin_list>
<bind>
<opcode="getelementptr(29) " fcode="getelementptr"/>
<opset="gmem_addr/1 "/>
</bind>
</comp>

<comp id="130" class="1004" name="icmp_ln29_fu_130">
<pin_list>
<pin id="131" dir="0" index="0" bw="32" slack="0"/>
<pin id="132" dir="0" index="1" bw="32" slack="0"/>
<pin id="133" dir="1" index="2" bw="1" slack="2147483647"/>
</pin_list>
<bind>
<opcode="icmp(45) " fcode="icmp"/>
<opset="icmp_ln29/1 "/>
</bind>
</comp>

<comp id="136" class="1004" name="tmp_data_V_fu_136">
<pin_list>
<pin id="137" dir="0" index="0" bw="41" slack="0"/>
<pin id="138" dir="1" index="1" bw="32" slack="1"/>
</pin_list>
<bind>
<opcode="extractvalue(56) " fcode="extractvalue"/>
<opset="tmp_data_V/1 "/>
</bind>
</comp>

<comp id="140" class="1004" name="store_ln29_store_fu_140">
<pin_list>
<pin id="141" dir="0" index="0" bw="31" slack="0"/>
<pin id="142" dir="0" index="1" bw="31" slack="0"/>
<pin id="143" dir="1" index="2" bw="0" slack="2147483647"/>
</pin_list>
<bind>
<opcode="store(28) " fcode="store"/>
<opset="store_ln29/1 "/>
</bind>
</comp>

<comp id="145" class="1005" name="i_reg_145">
<pin_list>
<pin id="146" dir="0" index="0" bw="31" slack="0"/>
<pin id="147" dir="1" index="1" bw="31" slack="0"/>
</pin_list>
<bind>
<opset="i "/>
</bind>
</comp>

<comp id="152" class="1005" name="gmem_addr_reg_152">
<pin_list>
<pin id="153" dir="0" index="0" bw="32" slack="1"/>
<pin id="154" dir="1" index="1" bw="32" slack="1"/>
</pin_list>
<bind>
<opset="gmem_addr "/>
</bind>
</comp>

<comp id="160" class="1005" name="tmp_data_V_reg_160">
<pin_list>
<pin id="161" dir="0" index="0" bw="32" slack="1"/>
<pin id="162" dir="1" index="1" bw="32" slack="1"/>
</pin_list>
<bind>
<opset="tmp_data_V "/>
</bind>
</comp>

</comp_list>

<net_list>
<net id="69"><net_src comp="14" pin="0"/><net_sink comp="66" pin=0"/></net>

<net id="74"><net_src comp="16" pin="0"/><net_sink comp="70" pin=0"/></net>

<net id="75"><net_src comp="4" pin="0"/><net_sink comp="70" pin=1"/></net>

<net id="80"><net_src comp="18" pin="0"/><net_sink comp="76" pin=0"/></net>

<net id="81"><net_src comp="2" pin="0"/><net_sink comp="76" pin=1"/></net>

<net id="89"><net_src comp="54" pin="0"/><net_sink comp="82" pin=0"/></net>

<net id="90"><net_src comp="6" pin="0"/><net_sink comp="82" pin=1"/></net>

<net id="91"><net_src comp="8" pin="0"/><net_sink comp="82" pin=2"/></net>

<net id="92"><net_src comp="10" pin="0"/><net_sink comp="82" pin=3"/></net>

<net id="93"><net_src comp="12" pin="0"/><net_sink comp="82" pin=4"/></net>

<net id="100"><net_src comp="62" pin="0"/><net_sink comp="94" pin=0"/></net>

<net id="101"><net_src comp="64" pin="0"/><net_sink comp="94" pin=3"/></net>

<net id="105"><net_src comp="76" pin="2"/><net_sink comp="102" pin=0"/></net>

<net id="110"><net_src comp="48" pin="0"/><net_sink comp="106" pin=0"/></net>

<net id="118"><net_src comp="111" pin="1"/><net_sink comp="114" pin=0"/></net>

<net id="119"><net_src comp="50" pin="0"/><net_sink comp="114" pin=1"/></net>

<net id="123"><net_src comp="111" pin="1"/><net_sink comp="120" pin=0"/></net>

<net id="128"><net_src comp="0" pin="0"/><net_sink comp="124" pin=0"/></net>

<net id="129"><net_src comp="102" pin="1"/><net_sink comp="124" pin=1"/></net>

<net id="134"><net_src comp="120" pin="1"/><net_sink comp="130" pin=0"/></net>

<net id="135"><net_src comp="70" pin="2"/><net_sink comp="130" pin=1"/></net>

<net id="139"><net_src comp="82" pin="5"/><net_sink comp="136" pin=0"/></net>

<net id="144"><net_src comp="114" pin="2"/><net_sink comp="140" pin=0"/></net>

<net id="148"><net_src comp="66" pin="1"/><net_sink comp="145" pin=0"/></net>

<net id="149"><net_src comp="145" pin="1"/><net_sink comp="106" pin=1"/></net>

<net id="150"><net_src comp="145" pin="1"/><net_sink comp="111" pin=0"/></net>

<net id="151"><net_src comp="145" pin="1"/><net_sink comp="140" pin=1"/></net>

<net id="155"><net_src comp="124" pin="2"/><net_sink comp="152" pin=0"/></net>

<net id="156"><net_src comp="152" pin="1"/><net_sink comp="94" pin=1"/></net>

<net id="163"><net_src comp="136" pin="1"/><net_sink comp="160" pin=0"/></net>

<net id="164"><net_src comp="160" pin="1"/><net_sink comp="94" pin=2"/></net>

</net_list>

</model> 
---------------- Datapath Model END ------------------

* FSMD analyzer results:
  - Output states:
	Port: gmem | {2 }
	Port: s_V_data_V | {}
	Port: s_V_keep_V | {}
	Port: s_V_strb_V | {}
	Port: s_V_last_V | {}
 - Input state : 
	Port: s2mm_Pipeline_VITIS_LOOP_29_1 : gmem | {}
	Port: s2mm_Pipeline_VITIS_LOOP_29_1 : sext_ln29 | {1 }
	Port: s2mm_Pipeline_VITIS_LOOP_29_1 : size | {1 }
	Port: s2mm_Pipeline_VITIS_LOOP_29_1 : s_V_data_V | {1 }
	Port: s2mm_Pipeline_VITIS_LOOP_29_1 : s_V_keep_V | {1 }
	Port: s2mm_Pipeline_VITIS_LOOP_29_1 : s_V_strb_V | {1 }
	Port: s2mm_Pipeline_VITIS_LOOP_29_1 : s_V_last_V | {1 }
  - Chain level:
	State 1
		store_ln0 : 1
		i_load : 1
		add_ln29 : 2
		i_cast : 2
		gmem_addr : 1
		icmp_ln29 : 3
		br_ln29 : 4
		store_ln29 : 3
	State 2


============================================================
+ Verbose Summary: Datapath Resource usage 
============================================================

* Functional unit list:
|----------|---------------------------|---------|---------|
| Operation|      Functional Unit      |    FF   |   LUT   |
|----------|---------------------------|---------|---------|
|    add   |      add_ln29_fu_114      |    0    |    31   |
|----------|---------------------------|---------|---------|
|   icmp   |      icmp_ln29_fu_130     |    0    |    16   |
|----------|---------------------------|---------|---------|
|          |    size_read_read_fu_70   |    0    |    0    |
|   read   | sext_ln29_read_read_fu_76 |    0    |    0    |
|          |      empty_read_fu_82     |    0    |    0    |
|----------|---------------------------|---------|---------|
|   write  |   write_ln32_write_fu_94  |    0    |    0    |
|----------|---------------------------|---------|---------|
|   sext   |   sext_ln29_cast_fu_102   |    0    |    0    |
|----------|---------------------------|---------|---------|
|   zext   |       i_cast_fu_120       |    0    |    0    |
|----------|---------------------------|---------|---------|
|extractvalue|     tmp_data_V_fu_136     |    0    |    0    |
|----------|---------------------------|---------|---------|
|   Total  |                           |    0    |    47   |
|----------|---------------------------|---------|---------|

Memories:
N/A

* Register list:
+------------------+--------+
|                  |   FF   |
+------------------+--------+
| gmem_addr_reg_152|   32   |
|     i_reg_145    |   31   |
|tmp_data_V_reg_160|   32   |
+------------------+--------+
|       Total      |   95   |
+------------------+--------+

* Multiplexer (MUX) list: 
|--------|------|------|------|--------|
|  Comp  |  Pin | Size |  BW  | S x BW |
|--------|------|------|------|--------|
|  Total |      |      |      |    0   |
|--------|------|------|------|--------|



* Summary:
+-----------+--------+--------+
|           |   FF   |   LUT  |
+-----------+--------+--------+
|  Function |    0   |   47   |
|   Memory  |    -   |    -   |
|Multiplexer|    -   |    -   |
|  Register |   95   |    -   |
+-----------+--------+--------+
|   Total   |   95   |   47   |
+-----------+--------+--------+
