INFO: [v++ 60-1306] Additional information associated with this v++ compile can be found at:
	Reports: /home/sai.divya/pkt_clone/AI_Engine_Development/Feature_Tutorials/04-packet-switching/pktstream_aie/pl_kernels/_x/reports/s2mm
	Log files: /home/sai.divya/pkt_clone/AI_Engine_Development/Feature_Tutorials/04-packet-switching/pktstream_aie/pl_kernels/_x/logs/s2mm
INFO: [v++ 60-1548] Creating build summary session with primary output /home/sai.divya/pkt_clone/AI_Engine_Development/Feature_Tutorials/04-packet-switching/pktstream_aie/pl_kernels/s2mm.xo.compile_summary, at Wed Dec  3 14:33:26 2025
INFO: [v++ 60-1315] Creating rulecheck session with output '/home/sai.divya/pkt_clone/AI_Engine_Development/Feature_Tutorials/04-packet-switching/pktstream_aie/pl_kernels/_x/reports/s2mm/v++_compile_s2mm_guidance.html', at Wed Dec  3 14:33:26 2025
INFO: [v++ 60-895]   Target platform: /opt/xilinx/platforms/xilinx_vck5000_gen4x8_qdma_2_202220_1/xilinx_vck5000_gen4x8_qdma_2_202220_1.xpfm
INFO: [v++ 60-1578]   This platform contains Xilinx Shell Archive '/opt/xilinx/platforms/xilinx_vck5000_gen4x8_qdma_2_202220_1/hw/xilinx_vck5000_gen4x8_qdma_2_202220_1.xsa'
INFO: [v++ 74-78] Compiler Version string: 2022.2
INFO: [v++ 60-585] Compiling for hardware target
INFO: [v++ 60-423]   Target device: xilinx_vck5000_gen4x8_qdma_2_202220_1
INFO: [v++ 60-242] Creating kernel: 's2mm'
INFO: [v++ 60-1616] Creating a HLS clock using kernel_frequency option: 250 MHz

===>The following messages were generated while  performing high-level synthesis for kernel: s2mm Log file: /home/sai.divya/pkt_clone/AI_Engine_Development/Feature_Tutorials/04-packet-switching/pktstream_aie/pl_kernels/_x/s2mm/s2mm/vitis_hls.log :
INFO: [v++ 204-61] Pipelining loop 'VITIS_LOOP_29_1'.
INFO: [v++ 200-1470] Pipelining result : Target II = 1, Final II = 1, Depth = 2, loop 'VITIS_LOOP_29_1'
INFO: [v++ 200-790] **** Loop Constraint Status: All loop constraints were satisfied.
INFO: [v++ 200-789] **** Estimated Fmax: 342.47 MHz
INFO: [v++ 60-594] Finished kernel compilation
INFO: [v++ 60-244] Generating system estimate report...
INFO: [v++ 60-1092] Generated system estimate report: /home/sai.divya/pkt_clone/AI_Engine_Development/Feature_Tutorials/04-packet-switching/pktstream_aie/pl_kernels/_x/reports/s2mm/system_estimate_s2mm.xtxt
INFO: [v++ 60-586] Created s2mm.xo
INFO: [v++ 60-2343] Use the vitis_analyzer tool to visualize and navigate the relevant reports. Run the following command. 
    vitis_analyzer /home/sai.divya/pkt_clone/AI_Engine_Development/Feature_Tutorials/04-packet-switching/pktstream_aie/pl_kernels/s2mm.xo.compile_summary 
INFO: [v++ 60-791] Total elapsed time: 0h 1m 14s
INFO: [v++ 60-1653] Closing dispatch client.
